INFO:root:
Selector: High Level Ordering of Strategies
| Sequence: Safe Enemy Attack
| | Check: safe_enemy_attack_exists
| | Action: attack_best_enemy
| Sequence: Profitable Expansion
| | Check: profitable_neutral_exists
| | Action: expand_to_best_neutral
| Action: pass_turn

DEBUG:root:Executing:Selector: High Level Ordering of Strategies
DEBUG:root:Executing:Sequence: Safe Enemy Attack
DEBUG:root:Executing:Check: safe_enemy_attack_exists
DEBUG:root:Result: Check: safe_enemy_attack_exists -> Failure
DEBUG:root:Result: Sequence: Safe Enemy Attack -> Failure
DEBUG:root:Executing:Sequence: Profitable Expansion
DEBUG:root:Executing:Check: profitable_neutral_exists
DEBUG:root:Result: Check: profitable_neutral_exists -> Success
DEBUG:root:Executing:Action: expand_to_best_neutral
DEBUG:root:Order:1 12 13
DEBUG:root:Result: Action: expand_to_best_neutral -> Success
DEBUG:root:Result: Sequence: Profitable Expansion -> Success
DEBUG:root:Result: Selector: High Level Ordering of Strategies -> Success
DEBUG:root:Finish turn

DEBUG:root:Executing:Selector: High Level Ordering of Strategies
DEBUG:root:Executing:Sequence: Safe Enemy Attack
DEBUG:root:Executing:Check: safe_enemy_attack_exists
DEBUG:root:Result: Check: safe_enemy_attack_exists -> Failure
DEBUG:root:Result: Sequence: Safe Enemy Attack -> Failure
DEBUG:root:Executing:Sequence: Profitable Expansion
DEBUG:root:Executing:Check: profitable_neutral_exists
DEBUG:root:Result: Check: profitable_neutral_exists -> Success
DEBUG:root:Executing:Action: expand_to_best_neutral
DEBUG:root:Order:1 11 13
DEBUG:root:Result: Action: expand_to_best_neutral -> Success
DEBUG:root:Result: Sequence: Profitable Expansion -> Success
DEBUG:root:Result: Selector: High Level Ordering of Strategies -> Success
DEBUG:root:Finish turn

DEBUG:root:Executing:Selector: High Level Ordering of Strategies
DEBUG:root:Executing:Sequence: Safe Enemy Attack
DEBUG:root:Executing:Check: safe_enemy_attack_exists
DEBUG:root:Result: Check: safe_enemy_attack_exists -> Failure
DEBUG:root:Result: Sequence: Safe Enemy Attack -> Failure
DEBUG:root:Executing:Sequence: Profitable Expansion
DEBUG:root:Executing:Check: profitable_neutral_exists
DEBUG:root:Result: Check: profitable_neutral_exists -> Success
DEBUG:root:Executing:Action: expand_to_best_neutral
DEBUG:root:Order:1 18 5
DEBUG:root:Result: Action: expand_to_best_neutral -> Success
DEBUG:root:Result: Sequence: Profitable Expansion -> Success
DEBUG:root:Result: Selector: High Level Ordering of Strategies -> Success
DEBUG:root:Finish turn

DEBUG:root:Executing:Selector: High Level Ordering of Strategies
DEBUG:root:Executing:Sequence: Safe Enemy Attack
DEBUG:root:Executing:Check: safe_enemy_attack_exists
DEBUG:root:Result: Check: safe_enemy_attack_exists -> Failure
DEBUG:root:Result: Sequence: Safe Enemy Attack -> Failure
DEBUG:root:Executing:Sequence: Profitable Expansion
DEBUG:root:Executing:Check: profitable_neutral_exists
DEBUG:root:Result: Check: profitable_neutral_exists -> Success
DEBUG:root:Executing:Action: expand_to_best_neutral
DEBUG:root:Order:1 17 5
DEBUG:root:Result: Action: expand_to_best_neutral -> Success
DEBUG:root:Result: Sequence: Profitable Expansion -> Success
DEBUG:root:Result: Selector: High Level Ordering of Strategies -> Success
DEBUG:root:Finish turn

DEBUG:root:Executing:Selector: High Level Ordering of Strategies
DEBUG:root:Executing:Sequence: Safe Enemy Attack
DEBUG:root:Executing:Check: safe_enemy_attack_exists
DEBUG:root:Result: Check: safe_enemy_attack_exists -> Failure
DEBUG:root:Result: Sequence: Safe Enemy Attack -> Failure
DEBUG:root:Executing:Sequence: Profitable Expansion
DEBUG:root:Executing:Check: profitable_neutral_exists
DEBUG:root:Result: Check: profitable_neutral_exists -> Success
DEBUG:root:Executing:Action: expand_to_best_neutral
DEBUG:root:Order:1 0 38
DEBUG:root:Result: Action: expand_to_best_neutral -> Success
DEBUG:root:Result: Sequence: Profitable Expansion -> Success
DEBUG:root:Result: Selector: High Level Ordering of Strategies -> Success
DEBUG:root:Finish turn

DEBUG:root:Executing:Selector: High Level Ordering of Strategies
DEBUG:root:Executing:Sequence: Safe Enemy Attack
DEBUG:root:Executing:Check: safe_enemy_attack_exists
DEBUG:root:Result: Check: safe_enemy_attack_exists -> Failure
DEBUG:root:Result: Sequence: Safe Enemy Attack -> Failure
DEBUG:root:Executing:Sequence: Profitable Expansion
DEBUG:root:Executing:Check: profitable_neutral_exists
DEBUG:root:Result: Check: profitable_neutral_exists -> Success
DEBUG:root:Executing:Action: expand_to_best_neutral
DEBUG:root:Order:1 6 23
DEBUG:root:Result: Action: expand_to_best_neutral -> Success
DEBUG:root:Result: Sequence: Profitable Expansion -> Success
DEBUG:root:Result: Selector: High Level Ordering of Strategies -> Success
DEBUG:root:Finish turn

DEBUG:root:Executing:Selector: High Level Ordering of Strategies
DEBUG:root:Executing:Sequence: Safe Enemy Attack
DEBUG:root:Executing:Check: safe_enemy_attack_exists
DEBUG:root:Result: Check: safe_enemy_attack_exists -> Failure
DEBUG:root:Result: Sequence: Safe Enemy Attack -> Failure
DEBUG:root:Executing:Sequence: Profitable Expansion
DEBUG:root:Executing:Check: profitable_neutral_exists
DEBUG:root:Result: Check: profitable_neutral_exists -> Success
DEBUG:root:Executing:Action: expand_to_best_neutral
DEBUG:root:Order:1 5 23
DEBUG:root:Result: Action: expand_to_best_neutral -> Success
DEBUG:root:Result: Sequence: Profitable Expansion -> Success
DEBUG:root:Result: Selector: High Level Ordering of Strategies -> Success
DEBUG:root:Finish turn

DEBUG:root:Executing:Selector: High Level Ordering of Strategies
DEBUG:root:Executing:Sequence: Safe Enemy Attack
DEBUG:root:Executing:Check: safe_enemy_attack_exists
DEBUG:root:Result: Check: safe_enemy_attack_exists -> Failure
DEBUG:root:Result: Sequence: Safe Enemy Attack -> Failure
DEBUG:root:Executing:Sequence: Profitable Expansion
DEBUG:root:Executing:Check: profitable_neutral_exists
DEBUG:root:Result: Check: profitable_neutral_exists -> Failure
DEBUG:root:Result: Sequence: Profitable Expansion -> Failure
DEBUG:root:Executing:Action: pass_turn
DEBUG:root:Result: Action: pass_turn -> Success
DEBUG:root:Result: Selector: High Level Ordering of Strategies -> Success
DEBUG:root:Finish turn

DEBUG:root:Executing:Selector: High Level Ordering of Strategies
DEBUG:root:Executing:Sequence: Safe Enemy Attack
DEBUG:root:Executing:Check: safe_enemy_attack_exists
DEBUG:root:Result: Check: safe_enemy_attack_exists -> Failure
DEBUG:root:Result: Sequence: Safe Enemy Attack -> Failure
DEBUG:root:Executing:Sequence: Profitable Expansion
DEBUG:root:Executing:Check: profitable_neutral_exists
DEBUG:root:Result: Check: profitable_neutral_exists -> Failure
DEBUG:root:Result: Sequence: Profitable Expansion -> Failure
DEBUG:root:Executing:Action: pass_turn
DEBUG:root:Result: Action: pass_turn -> Success
DEBUG:root:Result: Selector: High Level Ordering of Strategies -> Success
DEBUG:root:Finish turn

DEBUG:root:Executing:Selector: High Level Ordering of Strategies
DEBUG:root:Executing:Sequence: Safe Enemy Attack
DEBUG:root:Executing:Check: safe_enemy_attack_exists
DEBUG:root:Result: Check: safe_enemy_attack_exists -> Failure
DEBUG:root:Result: Sequence: Safe Enemy Attack -> Failure
DEBUG:root:Executing:Sequence: Profitable Expansion
DEBUG:root:Executing:Check: profitable_neutral_exists
DEBUG:root:Result: Check: profitable_neutral_exists -> Failure
DEBUG:root:Result: Sequence: Profitable Expansion -> Failure
DEBUG:root:Executing:Action: pass_turn
DEBUG:root:Result: Action: pass_turn -> Success
DEBUG:root:Result: Selector: High Level Ordering of Strategies -> Success
DEBUG:root:Finish turn

DEBUG:root:Executing:Selector: High Level Ordering of Strategies
DEBUG:root:Executing:Sequence: Safe Enemy Attack
DEBUG:root:Executing:Check: safe_enemy_attack_exists
DEBUG:root:Result: Check: safe_enemy_attack_exists -> Failure
DEBUG:root:Result: Sequence: Safe Enemy Attack -> Failure
DEBUG:root:Executing:Sequence: Profitable Expansion
DEBUG:root:Executing:Check: profitable_neutral_exists
DEBUG:root:Result: Check: profitable_neutral_exists -> Failure
DEBUG:root:Result: Sequence: Profitable Expansion -> Failure
DEBUG:root:Executing:Action: pass_turn
DEBUG:root:Result: Action: pass_turn -> Success
DEBUG:root:Result: Selector: High Level Ordering of Strategies -> Success
DEBUG:root:Finish turn

DEBUG:root:Executing:Selector: High Level Ordering of Strategies
DEBUG:root:Executing:Sequence: Safe Enemy Attack
DEBUG:root:Executing:Check: safe_enemy_attack_exists
DEBUG:root:Result: Check: safe_enemy_attack_exists -> Failure
DEBUG:root:Result: Sequence: Safe Enemy Attack -> Failure
DEBUG:root:Executing:Sequence: Profitable Expansion
DEBUG:root:Executing:Check: profitable_neutral_exists
DEBUG:root:Result: Check: profitable_neutral_exists -> Failure
DEBUG:root:Result: Sequence: Profitable Expansion -> Failure
DEBUG:root:Executing:Action: pass_turn
DEBUG:root:Result: Action: pass_turn -> Success
DEBUG:root:Result: Selector: High Level Ordering of Strategies -> Success
DEBUG:root:Finish turn

DEBUG:root:Executing:Selector: High Level Ordering of Strategies
DEBUG:root:Executing:Sequence: Safe Enemy Attack
DEBUG:root:Executing:Check: safe_enemy_attack_exists
DEBUG:root:Result: Check: safe_enemy_attack_exists -> Failure
DEBUG:root:Result: Sequence: Safe Enemy Attack -> Failure
DEBUG:root:Executing:Sequence: Profitable Expansion
DEBUG:root:Executing:Check: profitable_neutral_exists
DEBUG:root:Result: Check: profitable_neutral_exists -> Failure
DEBUG:root:Result: Sequence: Profitable Expansion -> Failure
DEBUG:root:Executing:Action: pass_turn
DEBUG:root:Result: Action: pass_turn -> Success
DEBUG:root:Result: Selector: High Level Ordering of Strategies -> Success
DEBUG:root:Finish turn

DEBUG:root:Executing:Selector: High Level Ordering of Strategies
DEBUG:root:Executing:Sequence: Safe Enemy Attack
DEBUG:root:Executing:Check: safe_enemy_attack_exists
DEBUG:root:Result: Check: safe_enemy_attack_exists -> Success
DEBUG:root:Executing:Action: attack_best_enemy
DEBUG:root:Order:1 9 33
DEBUG:root:Result: Action: attack_best_enemy -> Success
DEBUG:root:Result: Sequence: Safe Enemy Attack -> Success
DEBUG:root:Result: Selector: High Level Ordering of Strategies -> Success
DEBUG:root:Finish turn

DEBUG:root:Executing:Selector: High Level Ordering of Strategies
DEBUG:root:Executing:Sequence: Safe Enemy Attack
DEBUG:root:Executing:Check: safe_enemy_attack_exists
DEBUG:root:Result: Check: safe_enemy_attack_exists -> Failure
DEBUG:root:Result: Sequence: Safe Enemy Attack -> Failure
DEBUG:root:Executing:Sequence: Profitable Expansion
DEBUG:root:Executing:Check: profitable_neutral_exists
DEBUG:root:Result: Check: profitable_neutral_exists -> Failure
DEBUG:root:Result: Sequence: Profitable Expansion -> Failure
DEBUG:root:Executing:Action: pass_turn
DEBUG:root:Result: Action: pass_turn -> Success
DEBUG:root:Result: Selector: High Level Ordering of Strategies -> Success
DEBUG:root:Finish turn

DEBUG:root:Executing:Selector: High Level Ordering of Strategies
DEBUG:root:Executing:Sequence: Safe Enemy Attack
DEBUG:root:Executing:Check: safe_enemy_attack_exists
DEBUG:root:Result: Check: safe_enemy_attack_exists -> Failure
DEBUG:root:Result: Sequence: Safe Enemy Attack -> Failure
DEBUG:root:Executing:Sequence: Profitable Expansion
DEBUG:root:Executing:Check: profitable_neutral_exists
DEBUG:root:Result: Check: profitable_neutral_exists -> Failure
DEBUG:root:Result: Sequence: Profitable Expansion -> Failure
DEBUG:root:Executing:Action: pass_turn
DEBUG:root:Result: Action: pass_turn -> Success
DEBUG:root:Result: Selector: High Level Ordering of Strategies -> Success
DEBUG:root:Finish turn

DEBUG:root:Executing:Selector: High Level Ordering of Strategies
DEBUG:root:Executing:Sequence: Safe Enemy Attack
DEBUG:root:Executing:Check: safe_enemy_attack_exists
DEBUG:root:Result: Check: safe_enemy_attack_exists -> Failure
DEBUG:root:Result: Sequence: Safe Enemy Attack -> Failure
DEBUG:root:Executing:Sequence: Profitable Expansion
DEBUG:root:Executing:Check: profitable_neutral_exists
DEBUG:root:Result: Check: profitable_neutral_exists -> Failure
DEBUG:root:Result: Sequence: Profitable Expansion -> Failure
DEBUG:root:Executing:Action: pass_turn
DEBUG:root:Result: Action: pass_turn -> Success
DEBUG:root:Result: Selector: High Level Ordering of Strategies -> Success
DEBUG:root:Finish turn

DEBUG:root:Executing:Selector: High Level Ordering of Strategies
DEBUG:root:Executing:Sequence: Safe Enemy Attack
DEBUG:root:Executing:Check: safe_enemy_attack_exists
DEBUG:root:Result: Check: safe_enemy_attack_exists -> Failure
DEBUG:root:Result: Sequence: Safe Enemy Attack -> Failure
DEBUG:root:Executing:Sequence: Profitable Expansion
DEBUG:root:Executing:Check: profitable_neutral_exists
DEBUG:root:Result: Check: profitable_neutral_exists -> Failure
DEBUG:root:Result: Sequence: Profitable Expansion -> Failure
DEBUG:root:Executing:Action: pass_turn
DEBUG:root:Result: Action: pass_turn -> Success
DEBUG:root:Result: Selector: High Level Ordering of Strategies -> Success
DEBUG:root:Finish turn

DEBUG:root:Executing:Selector: High Level Ordering of Strategies
DEBUG:root:Executing:Sequence: Safe Enemy Attack
DEBUG:root:Executing:Check: safe_enemy_attack_exists
DEBUG:root:Result: Check: safe_enemy_attack_exists -> Failure
DEBUG:root:Result: Sequence: Safe Enemy Attack -> Failure
DEBUG:root:Executing:Sequence: Profitable Expansion
DEBUG:root:Executing:Check: profitable_neutral_exists
DEBUG:root:Result: Check: profitable_neutral_exists -> Failure
DEBUG:root:Result: Sequence: Profitable Expansion -> Failure
DEBUG:root:Executing:Action: pass_turn
DEBUG:root:Result: Action: pass_turn -> Success
DEBUG:root:Result: Selector: High Level Ordering of Strategies -> Success
DEBUG:root:Finish turn

DEBUG:root:Executing:Selector: High Level Ordering of Strategies
DEBUG:root:Executing:Sequence: Safe Enemy Attack
DEBUG:root:Executing:Check: safe_enemy_attack_exists
DEBUG:root:Result: Check: safe_enemy_attack_exists -> Failure
DEBUG:root:Result: Sequence: Safe Enemy Attack -> Failure
DEBUG:root:Executing:Sequence: Profitable Expansion
DEBUG:root:Executing:Check: profitable_neutral_exists
DEBUG:root:Result: Check: profitable_neutral_exists -> Failure
DEBUG:root:Result: Sequence: Profitable Expansion -> Failure
DEBUG:root:Executing:Action: pass_turn
DEBUG:root:Result: Action: pass_turn -> Success
DEBUG:root:Result: Selector: High Level Ordering of Strategies -> Success
DEBUG:root:Finish turn

DEBUG:root:Executing:Selector: High Level Ordering of Strategies
DEBUG:root:Executing:Sequence: Safe Enemy Attack
DEBUG:root:Executing:Check: safe_enemy_attack_exists
DEBUG:root:Result: Check: safe_enemy_attack_exists -> Failure
DEBUG:root:Result: Sequence: Safe Enemy Attack -> Failure
DEBUG:root:Executing:Sequence: Profitable Expansion
DEBUG:root:Executing:Check: profitable_neutral_exists
DEBUG:root:Result: Check: profitable_neutral_exists -> Failure
DEBUG:root:Result: Sequence: Profitable Expansion -> Failure
DEBUG:root:Executing:Action: pass_turn
DEBUG:root:Result: Action: pass_turn -> Success
DEBUG:root:Result: Selector: High Level Ordering of Strategies -> Success
DEBUG:root:Finish turn

DEBUG:root:Executing:Selector: High Level Ordering of Strategies
DEBUG:root:Executing:Sequence: Safe Enemy Attack
DEBUG:root:Executing:Check: safe_enemy_attack_exists
DEBUG:root:Result: Check: safe_enemy_attack_exists -> Failure
DEBUG:root:Result: Sequence: Safe Enemy Attack -> Failure
DEBUG:root:Executing:Sequence: Profitable Expansion
DEBUG:root:Executing:Check: profitable_neutral_exists
DEBUG:root:Result: Check: profitable_neutral_exists -> Failure
DEBUG:root:Result: Sequence: Profitable Expansion -> Failure
DEBUG:root:Executing:Action: pass_turn
DEBUG:root:Result: Action: pass_turn -> Success
DEBUG:root:Result: Selector: High Level Ordering of Strategies -> Success
DEBUG:root:Finish turn

DEBUG:root:Executing:Selector: High Level Ordering of Strategies
DEBUG:root:Executing:Sequence: Safe Enemy Attack
DEBUG:root:Executing:Check: safe_enemy_attack_exists
DEBUG:root:Result: Check: safe_enemy_attack_exists -> Failure
DEBUG:root:Result: Sequence: Safe Enemy Attack -> Failure
DEBUG:root:Executing:Sequence: Profitable Expansion
DEBUG:root:Executing:Check: profitable_neutral_exists
DEBUG:root:Result: Check: profitable_neutral_exists -> Failure
DEBUG:root:Result: Sequence: Profitable Expansion -> Failure
DEBUG:root:Executing:Action: pass_turn
DEBUG:root:Result: Action: pass_turn -> Success
DEBUG:root:Result: Selector: High Level Ordering of Strategies -> Success
DEBUG:root:Finish turn

DEBUG:root:Executing:Selector: High Level Ordering of Strategies
DEBUG:root:Executing:Sequence: Safe Enemy Attack
DEBUG:root:Executing:Check: safe_enemy_attack_exists
DEBUG:root:Result: Check: safe_enemy_attack_exists -> Failure
DEBUG:root:Result: Sequence: Safe Enemy Attack -> Failure
DEBUG:root:Executing:Sequence: Profitable Expansion
DEBUG:root:Executing:Check: profitable_neutral_exists
DEBUG:root:Result: Check: profitable_neutral_exists -> Failure
DEBUG:root:Result: Sequence: Profitable Expansion -> Failure
DEBUG:root:Executing:Action: pass_turn
DEBUG:root:Result: Action: pass_turn -> Success
DEBUG:root:Result: Selector: High Level Ordering of Strategies -> Success
DEBUG:root:Finish turn

DEBUG:root:Executing:Selector: High Level Ordering of Strategies
DEBUG:root:Executing:Sequence: Safe Enemy Attack
DEBUG:root:Executing:Check: safe_enemy_attack_exists
DEBUG:root:Result: Check: safe_enemy_attack_exists -> Success
DEBUG:root:Executing:Action: attack_best_enemy
DEBUG:root:Order:12 17 41
DEBUG:root:Result: Action: attack_best_enemy -> Success
DEBUG:root:Result: Sequence: Safe Enemy Attack -> Success
DEBUG:root:Result: Selector: High Level Ordering of Strategies -> Success
DEBUG:root:Finish turn

DEBUG:root:Executing:Selector: High Level Ordering of Strategies
DEBUG:root:Executing:Sequence: Safe Enemy Attack
DEBUG:root:Executing:Check: safe_enemy_attack_exists
DEBUG:root:Result: Check: safe_enemy_attack_exists -> Failure
DEBUG:root:Result: Sequence: Safe Enemy Attack -> Failure
DEBUG:root:Executing:Sequence: Profitable Expansion
DEBUG:root:Executing:Check: profitable_neutral_exists
DEBUG:root:Result: Check: profitable_neutral_exists -> Success
DEBUG:root:Executing:Action: expand_to_best_neutral
DEBUG:root:Order:1 21 59
DEBUG:root:Result: Action: expand_to_best_neutral -> Success
DEBUG:root:Result: Sequence: Profitable Expansion -> Success
DEBUG:root:Result: Selector: High Level Ordering of Strategies -> Success
DEBUG:root:Finish turn

DEBUG:root:Executing:Selector: High Level Ordering of Strategies
DEBUG:root:Executing:Sequence: Safe Enemy Attack
DEBUG:root:Executing:Check: safe_enemy_attack_exists
DEBUG:root:Result: Check: safe_enemy_attack_exists -> Failure
DEBUG:root:Result: Sequence: Safe Enemy Attack -> Failure
DEBUG:root:Executing:Sequence: Profitable Expansion
DEBUG:root:Executing:Check: profitable_neutral_exists
DEBUG:root:Result: Check: profitable_neutral_exists -> Failure
DEBUG:root:Result: Sequence: Profitable Expansion -> Failure
DEBUG:root:Executing:Action: pass_turn
DEBUG:root:Result: Action: pass_turn -> Success
DEBUG:root:Result: Selector: High Level Ordering of Strategies -> Success
DEBUG:root:Finish turn

DEBUG:root:Executing:Selector: High Level Ordering of Strategies
DEBUG:root:Executing:Sequence: Safe Enemy Attack
DEBUG:root:Executing:Check: safe_enemy_attack_exists
DEBUG:root:Result: Check: safe_enemy_attack_exists -> Failure
DEBUG:root:Result: Sequence: Safe Enemy Attack -> Failure
DEBUG:root:Executing:Sequence: Profitable Expansion
DEBUG:root:Executing:Check: profitable_neutral_exists
DEBUG:root:Result: Check: profitable_neutral_exists -> Success
DEBUG:root:Executing:Action: expand_to_best_neutral
DEBUG:root:Order:11 19 56
DEBUG:root:Result: Action: expand_to_best_neutral -> Success
DEBUG:root:Result: Sequence: Profitable Expansion -> Success
DEBUG:root:Result: Selector: High Level Ordering of Strategies -> Success
DEBUG:root:Finish turn

DEBUG:root:Executing:Selector: High Level Ordering of Strategies
DEBUG:root:Executing:Sequence: Safe Enemy Attack
DEBUG:root:Executing:Check: safe_enemy_attack_exists
DEBUG:root:Result: Check: safe_enemy_attack_exists -> Failure
DEBUG:root:Result: Sequence: Safe Enemy Attack -> Failure
DEBUG:root:Executing:Sequence: Profitable Expansion
DEBUG:root:Executing:Check: profitable_neutral_exists
DEBUG:root:Result: Check: profitable_neutral_exists -> Failure
DEBUG:root:Result: Sequence: Profitable Expansion -> Failure
DEBUG:root:Executing:Action: pass_turn
DEBUG:root:Result: Action: pass_turn -> Success
DEBUG:root:Result: Selector: High Level Ordering of Strategies -> Success
DEBUG:root:Finish turn

DEBUG:root:Executing:Selector: High Level Ordering of Strategies
DEBUG:root:Executing:Sequence: Safe Enemy Attack
DEBUG:root:Executing:Check: safe_enemy_attack_exists
DEBUG:root:Result: Check: safe_enemy_attack_exists -> Failure
DEBUG:root:Result: Sequence: Safe Enemy Attack -> Failure
DEBUG:root:Executing:Sequence: Profitable Expansion
DEBUG:root:Executing:Check: profitable_neutral_exists
DEBUG:root:Result: Check: profitable_neutral_exists -> Failure
DEBUG:root:Result: Sequence: Profitable Expansion -> Failure
DEBUG:root:Executing:Action: pass_turn
DEBUG:root:Result: Action: pass_turn -> Success
DEBUG:root:Result: Selector: High Level Ordering of Strategies -> Success
DEBUG:root:Finish turn

DEBUG:root:Executing:Selector: High Level Ordering of Strategies
DEBUG:root:Executing:Sequence: Safe Enemy Attack
DEBUG:root:Executing:Check: safe_enemy_attack_exists
DEBUG:root:Result: Check: safe_enemy_attack_exists -> Failure
DEBUG:root:Result: Sequence: Safe Enemy Attack -> Failure
DEBUG:root:Executing:Sequence: Profitable Expansion
DEBUG:root:Executing:Check: profitable_neutral_exists
DEBUG:root:Result: Check: profitable_neutral_exists -> Failure
DEBUG:root:Result: Sequence: Profitable Expansion -> Failure
DEBUG:root:Executing:Action: pass_turn
DEBUG:root:Result: Action: pass_turn -> Success
DEBUG:root:Result: Selector: High Level Ordering of Strategies -> Success
DEBUG:root:Finish turn

DEBUG:root:Executing:Selector: High Level Ordering of Strategies
DEBUG:root:Executing:Sequence: Safe Enemy Attack
DEBUG:root:Executing:Check: safe_enemy_attack_exists
DEBUG:root:Result: Check: safe_enemy_attack_exists -> Failure
DEBUG:root:Result: Sequence: Safe Enemy Attack -> Failure
DEBUG:root:Executing:Sequence: Profitable Expansion
DEBUG:root:Executing:Check: profitable_neutral_exists
DEBUG:root:Result: Check: profitable_neutral_exists -> Failure
DEBUG:root:Result: Sequence: Profitable Expansion -> Failure
DEBUG:root:Executing:Action: pass_turn
DEBUG:root:Result: Action: pass_turn -> Success
DEBUG:root:Result: Selector: High Level Ordering of Strategies -> Success
DEBUG:root:Finish turn

DEBUG:root:Executing:Selector: High Level Ordering of Strategies
DEBUG:root:Executing:Sequence: Safe Enemy Attack
DEBUG:root:Executing:Check: safe_enemy_attack_exists
DEBUG:root:Result: Check: safe_enemy_attack_exists -> Failure
DEBUG:root:Result: Sequence: Safe Enemy Attack -> Failure
DEBUG:root:Executing:Sequence: Profitable Expansion
DEBUG:root:Executing:Check: profitable_neutral_exists
DEBUG:root:Result: Check: profitable_neutral_exists -> Failure
DEBUG:root:Result: Sequence: Profitable Expansion -> Failure
DEBUG:root:Executing:Action: pass_turn
DEBUG:root:Result: Action: pass_turn -> Success
DEBUG:root:Result: Selector: High Level Ordering of Strategies -> Success
DEBUG:root:Finish turn

DEBUG:root:Executing:Selector: High Level Ordering of Strategies
DEBUG:root:Executing:Sequence: Safe Enemy Attack
DEBUG:root:Executing:Check: safe_enemy_attack_exists
DEBUG:root:Result: Check: safe_enemy_attack_exists -> Failure
DEBUG:root:Result: Sequence: Safe Enemy Attack -> Failure
DEBUG:root:Executing:Sequence: Profitable Expansion
DEBUG:root:Executing:Check: profitable_neutral_exists
DEBUG:root:Result: Check: profitable_neutral_exists -> Failure
DEBUG:root:Result: Sequence: Profitable Expansion -> Failure
DEBUG:root:Executing:Action: pass_turn
DEBUG:root:Result: Action: pass_turn -> Success
DEBUG:root:Result: Selector: High Level Ordering of Strategies -> Success
DEBUG:root:Finish turn

DEBUG:root:Executing:Selector: High Level Ordering of Strategies
DEBUG:root:Executing:Sequence: Safe Enemy Attack
DEBUG:root:Executing:Check: safe_enemy_attack_exists
DEBUG:root:Result: Check: safe_enemy_attack_exists -> Failure
DEBUG:root:Result: Sequence: Safe Enemy Attack -> Failure
DEBUG:root:Executing:Sequence: Profitable Expansion
DEBUG:root:Executing:Check: profitable_neutral_exists
DEBUG:root:Result: Check: profitable_neutral_exists -> Failure
DEBUG:root:Result: Sequence: Profitable Expansion -> Failure
DEBUG:root:Executing:Action: pass_turn
DEBUG:root:Result: Action: pass_turn -> Success
DEBUG:root:Result: Selector: High Level Ordering of Strategies -> Success
DEBUG:root:Finish turn

DEBUG:root:Executing:Selector: High Level Ordering of Strategies
DEBUG:root:Executing:Sequence: Safe Enemy Attack
DEBUG:root:Executing:Check: safe_enemy_attack_exists
DEBUG:root:Result: Check: safe_enemy_attack_exists -> Failure
DEBUG:root:Result: Sequence: Safe Enemy Attack -> Failure
DEBUG:root:Executing:Sequence: Profitable Expansion
DEBUG:root:Executing:Check: profitable_neutral_exists
DEBUG:root:Result: Check: profitable_neutral_exists -> Success
DEBUG:root:Executing:Action: expand_to_best_neutral
DEBUG:root:Order:12 20 56
DEBUG:root:Result: Action: expand_to_best_neutral -> Success
DEBUG:root:Result: Sequence: Profitable Expansion -> Success
DEBUG:root:Result: Selector: High Level Ordering of Strategies -> Success
DEBUG:root:Finish turn

DEBUG:root:Executing:Selector: High Level Ordering of Strategies
DEBUG:root:Executing:Sequence: Safe Enemy Attack
DEBUG:root:Executing:Check: safe_enemy_attack_exists
DEBUG:root:Result: Check: safe_enemy_attack_exists -> Failure
DEBUG:root:Result: Sequence: Safe Enemy Attack -> Failure
DEBUG:root:Executing:Sequence: Profitable Expansion
DEBUG:root:Executing:Check: profitable_neutral_exists
DEBUG:root:Result: Check: profitable_neutral_exists -> Failure
DEBUG:root:Result: Sequence: Profitable Expansion -> Failure
DEBUG:root:Executing:Action: pass_turn
DEBUG:root:Result: Action: pass_turn -> Success
DEBUG:root:Result: Selector: High Level Ordering of Strategies -> Success
DEBUG:root:Finish turn

DEBUG:root:Executing:Selector: High Level Ordering of Strategies
DEBUG:root:Executing:Sequence: Safe Enemy Attack
DEBUG:root:Executing:Check: safe_enemy_attack_exists
DEBUG:root:Result: Check: safe_enemy_attack_exists -> Success
DEBUG:root:Executing:Action: attack_best_enemy
DEBUG:root:Order:1 6 13
DEBUG:root:Result: Action: attack_best_enemy -> Success
DEBUG:root:Result: Sequence: Safe Enemy Attack -> Success
DEBUG:root:Result: Selector: High Level Ordering of Strategies -> Success
DEBUG:root:Finish turn

DEBUG:root:Executing:Selector: High Level Ordering of Strategies
DEBUG:root:Executing:Sequence: Safe Enemy Attack
DEBUG:root:Executing:Check: safe_enemy_attack_exists
DEBUG:root:Result: Check: safe_enemy_attack_exists -> Failure
DEBUG:root:Result: Sequence: Safe Enemy Attack -> Failure
DEBUG:root:Executing:Sequence: Profitable Expansion
DEBUG:root:Executing:Check: profitable_neutral_exists
DEBUG:root:Result: Check: profitable_neutral_exists -> Success
DEBUG:root:Executing:Action: expand_to_best_neutral
DEBUG:root:Order:0 22 59
DEBUG:root:Result: Action: expand_to_best_neutral -> Success
DEBUG:root:Result: Sequence: Profitable Expansion -> Success
DEBUG:root:Result: Selector: High Level Ordering of Strategies -> Success
DEBUG:root:Finish turn

DEBUG:root:Executing:Selector: High Level Ordering of Strategies
DEBUG:root:Executing:Sequence: Safe Enemy Attack
DEBUG:root:Executing:Check: safe_enemy_attack_exists
DEBUG:root:Result: Check: safe_enemy_attack_exists -> Failure
DEBUG:root:Result: Sequence: Safe Enemy Attack -> Failure
DEBUG:root:Executing:Sequence: Profitable Expansion
DEBUG:root:Executing:Check: profitable_neutral_exists
DEBUG:root:Result: Check: profitable_neutral_exists -> Success
DEBUG:root:Executing:Action: expand_to_best_neutral
DEBUG:root:Order:11 16 60
DEBUG:root:Result: Action: expand_to_best_neutral -> Success
DEBUG:root:Result: Sequence: Profitable Expansion -> Success
DEBUG:root:Result: Selector: High Level Ordering of Strategies -> Success
DEBUG:root:Finish turn

DEBUG:root:Executing:Selector: High Level Ordering of Strategies
DEBUG:root:Executing:Sequence: Safe Enemy Attack
DEBUG:root:Executing:Check: safe_enemy_attack_exists
DEBUG:root:Result: Check: safe_enemy_attack_exists -> Failure
DEBUG:root:Result: Sequence: Safe Enemy Attack -> Failure
DEBUG:root:Executing:Sequence: Profitable Expansion
DEBUG:root:Executing:Check: profitable_neutral_exists
DEBUG:root:Result: Check: profitable_neutral_exists -> Success
DEBUG:root:Executing:Action: expand_to_best_neutral
DEBUG:root:Order:1 15 60
DEBUG:root:Result: Action: expand_to_best_neutral -> Success
DEBUG:root:Result: Sequence: Profitable Expansion -> Success
DEBUG:root:Result: Selector: High Level Ordering of Strategies -> Success
DEBUG:root:Finish turn

DEBUG:root:Executing:Selector: High Level Ordering of Strategies
DEBUG:root:Executing:Sequence: Safe Enemy Attack
DEBUG:root:Executing:Check: safe_enemy_attack_exists
DEBUG:root:Result: Check: safe_enemy_attack_exists -> Failure
DEBUG:root:Result: Sequence: Safe Enemy Attack -> Failure
DEBUG:root:Executing:Sequence: Profitable Expansion
DEBUG:root:Executing:Check: profitable_neutral_exists
DEBUG:root:Result: Check: profitable_neutral_exists -> Failure
DEBUG:root:Result: Sequence: Profitable Expansion -> Failure
DEBUG:root:Executing:Action: pass_turn
DEBUG:root:Result: Action: pass_turn -> Success
DEBUG:root:Result: Selector: High Level Ordering of Strategies -> Success
DEBUG:root:Finish turn

DEBUG:root:Executing:Selector: High Level Ordering of Strategies
DEBUG:root:Executing:Sequence: Safe Enemy Attack
DEBUG:root:Executing:Check: safe_enemy_attack_exists
DEBUG:root:Result: Check: safe_enemy_attack_exists -> Failure
DEBUG:root:Result: Sequence: Safe Enemy Attack -> Failure
DEBUG:root:Executing:Sequence: Profitable Expansion
DEBUG:root:Executing:Check: profitable_neutral_exists
DEBUG:root:Result: Check: profitable_neutral_exists -> Failure
DEBUG:root:Result: Sequence: Profitable Expansion -> Failure
DEBUG:root:Executing:Action: pass_turn
DEBUG:root:Result: Action: pass_turn -> Success
DEBUG:root:Result: Selector: High Level Ordering of Strategies -> Success
DEBUG:root:Finish turn

DEBUG:root:Executing:Selector: High Level Ordering of Strategies
DEBUG:root:Executing:Sequence: Safe Enemy Attack
DEBUG:root:Executing:Check: safe_enemy_attack_exists
DEBUG:root:Result: Check: safe_enemy_attack_exists -> Failure
DEBUG:root:Result: Sequence: Safe Enemy Attack -> Failure
DEBUG:root:Executing:Sequence: Profitable Expansion
DEBUG:root:Executing:Check: profitable_neutral_exists
DEBUG:root:Result: Check: profitable_neutral_exists -> Failure
DEBUG:root:Result: Sequence: Profitable Expansion -> Failure
DEBUG:root:Executing:Action: pass_turn
DEBUG:root:Result: Action: pass_turn -> Success
DEBUG:root:Result: Selector: High Level Ordering of Strategies -> Success
DEBUG:root:Finish turn

DEBUG:root:Executing:Selector: High Level Ordering of Strategies
DEBUG:root:Executing:Sequence: Safe Enemy Attack
DEBUG:root:Executing:Check: safe_enemy_attack_exists
DEBUG:root:Result: Check: safe_enemy_attack_exists -> Success
DEBUG:root:Executing:Action: attack_best_enemy
DEBUG:root:Order:17 9 9
DEBUG:root:Result: Action: attack_best_enemy -> Success
DEBUG:root:Result: Sequence: Safe Enemy Attack -> Success
DEBUG:root:Result: Selector: High Level Ordering of Strategies -> Success
DEBUG:root:Finish turn

DEBUG:root:Executing:Selector: High Level Ordering of Strategies
DEBUG:root:Executing:Sequence: Safe Enemy Attack
DEBUG:root:Executing:Check: safe_enemy_attack_exists
DEBUG:root:Result: Check: safe_enemy_attack_exists -> Success
DEBUG:root:Executing:Action: attack_best_enemy
DEBUG:root:Order:11 5 14
DEBUG:root:Result: Action: attack_best_enemy -> Success
DEBUG:root:Result: Sequence: Safe Enemy Attack -> Success
DEBUG:root:Result: Selector: High Level Ordering of Strategies -> Success
DEBUG:root:Finish turn

DEBUG:root:Executing:Selector: High Level Ordering of Strategies
DEBUG:root:Executing:Sequence: Safe Enemy Attack
DEBUG:root:Executing:Check: safe_enemy_attack_exists
DEBUG:root:Result: Check: safe_enemy_attack_exists -> Failure
DEBUG:root:Result: Sequence: Safe Enemy Attack -> Failure
DEBUG:root:Executing:Sequence: Profitable Expansion
DEBUG:root:Executing:Check: profitable_neutral_exists
DEBUG:root:Result: Check: profitable_neutral_exists -> Success
DEBUG:root:Executing:Action: expand_to_best_neutral
DEBUG:root:Order:18 13 60
DEBUG:root:Result: Action: expand_to_best_neutral -> Success
DEBUG:root:Result: Sequence: Profitable Expansion -> Success
DEBUG:root:Result: Selector: High Level Ordering of Strategies -> Success
DEBUG:root:Finish turn

DEBUG:root:Executing:Selector: High Level Ordering of Strategies
DEBUG:root:Executing:Sequence: Safe Enemy Attack
DEBUG:root:Executing:Check: safe_enemy_attack_exists
DEBUG:root:Result: Check: safe_enemy_attack_exists -> Success
DEBUG:root:Executing:Action: attack_best_enemy
DEBUG:root:Order:17 2 42
DEBUG:root:Result: Action: attack_best_enemy -> Success
DEBUG:root:Result: Sequence: Safe Enemy Attack -> Success
DEBUG:root:Result: Selector: High Level Ordering of Strategies -> Success
DEBUG:root:Finish turn

DEBUG:root:Executing:Selector: High Level Ordering of Strategies
DEBUG:root:Executing:Sequence: Safe Enemy Attack
DEBUG:root:Executing:Check: safe_enemy_attack_exists
DEBUG:root:Result: Check: safe_enemy_attack_exists -> Failure
DEBUG:root:Result: Sequence: Safe Enemy Attack -> Failure
DEBUG:root:Executing:Sequence: Profitable Expansion
DEBUG:root:Executing:Check: profitable_neutral_exists
DEBUG:root:Result: Check: profitable_neutral_exists -> Success
DEBUG:root:Executing:Action: expand_to_best_neutral
DEBUG:root:Order:12 14 60
DEBUG:root:Result: Action: expand_to_best_neutral -> Success
DEBUG:root:Result: Sequence: Profitable Expansion -> Success
DEBUG:root:Result: Selector: High Level Ordering of Strategies -> Success
DEBUG:root:Finish turn

DEBUG:root:Executing:Selector: High Level Ordering of Strategies
DEBUG:root:Executing:Sequence: Safe Enemy Attack
DEBUG:root:Executing:Check: safe_enemy_attack_exists
DEBUG:root:Result: Check: safe_enemy_attack_exists -> Failure
DEBUG:root:Result: Sequence: Safe Enemy Attack -> Failure
DEBUG:root:Executing:Sequence: Profitable Expansion
DEBUG:root:Executing:Check: profitable_neutral_exists
DEBUG:root:Result: Check: profitable_neutral_exists -> Failure
DEBUG:root:Result: Sequence: Profitable Expansion -> Failure
DEBUG:root:Executing:Action: pass_turn
DEBUG:root:Result: Action: pass_turn -> Success
DEBUG:root:Result: Selector: High Level Ordering of Strategies -> Success
DEBUG:root:Finish turn

DEBUG:root:Executing:Selector: High Level Ordering of Strategies
DEBUG:root:Executing:Sequence: Safe Enemy Attack
DEBUG:root:Executing:Check: safe_enemy_attack_exists
DEBUG:root:Result: Check: safe_enemy_attack_exists -> Success
DEBUG:root:Executing:Action: attack_best_enemy
DEBUG:root:Order:21 19 24
DEBUG:root:Result: Action: attack_best_enemy -> Success
DEBUG:root:Result: Sequence: Safe Enemy Attack -> Success
DEBUG:root:Result: Selector: High Level Ordering of Strategies -> Success
DEBUG:root:Finish turn

DEBUG:root:Executing:Selector: High Level Ordering of Strategies
DEBUG:root:Executing:Sequence: Safe Enemy Attack
DEBUG:root:Executing:Check: safe_enemy_attack_exists
DEBUG:root:Result: Check: safe_enemy_attack_exists -> Failure
DEBUG:root:Result: Sequence: Safe Enemy Attack -> Failure
DEBUG:root:Executing:Sequence: Profitable Expansion
DEBUG:root:Executing:Check: profitable_neutral_exists
DEBUG:root:Result: Check: profitable_neutral_exists -> Failure
DEBUG:root:Result: Sequence: Profitable Expansion -> Failure
DEBUG:root:Executing:Action: pass_turn
DEBUG:root:Result: Action: pass_turn -> Success
DEBUG:root:Result: Selector: High Level Ordering of Strategies -> Success
DEBUG:root:Finish turn

DEBUG:root:Executing:Selector: High Level Ordering of Strategies
DEBUG:root:Executing:Sequence: Safe Enemy Attack
DEBUG:root:Executing:Check: safe_enemy_attack_exists
DEBUG:root:Result: Check: safe_enemy_attack_exists -> Failure
DEBUG:root:Result: Sequence: Safe Enemy Attack -> Failure
DEBUG:root:Executing:Sequence: Profitable Expansion
DEBUG:root:Executing:Check: profitable_neutral_exists
DEBUG:root:Result: Check: profitable_neutral_exists -> Failure
DEBUG:root:Result: Sequence: Profitable Expansion -> Failure
DEBUG:root:Executing:Action: pass_turn
DEBUG:root:Result: Action: pass_turn -> Success
DEBUG:root:Result: Selector: High Level Ordering of Strategies -> Success
DEBUG:root:Finish turn

DEBUG:root:Executing:Selector: High Level Ordering of Strategies
DEBUG:root:Executing:Sequence: Safe Enemy Attack
DEBUG:root:Executing:Check: safe_enemy_attack_exists
DEBUG:root:Result: Check: safe_enemy_attack_exists -> Failure
DEBUG:root:Result: Sequence: Safe Enemy Attack -> Failure
DEBUG:root:Executing:Sequence: Profitable Expansion
DEBUG:root:Executing:Check: profitable_neutral_exists
DEBUG:root:Result: Check: profitable_neutral_exists -> Failure
DEBUG:root:Result: Sequence: Profitable Expansion -> Failure
DEBUG:root:Executing:Action: pass_turn
DEBUG:root:Result: Action: pass_turn -> Success
DEBUG:root:Result: Selector: High Level Ordering of Strategies -> Success
DEBUG:root:Finish turn

DEBUG:root:Executing:Selector: High Level Ordering of Strategies
DEBUG:root:Executing:Sequence: Safe Enemy Attack
DEBUG:root:Executing:Check: safe_enemy_attack_exists
DEBUG:root:Result: Check: safe_enemy_attack_exists -> Failure
DEBUG:root:Result: Sequence: Safe Enemy Attack -> Failure
DEBUG:root:Executing:Sequence: Profitable Expansion
DEBUG:root:Executing:Check: profitable_neutral_exists
DEBUG:root:Result: Check: profitable_neutral_exists -> Failure
DEBUG:root:Result: Sequence: Profitable Expansion -> Failure
DEBUG:root:Executing:Action: pass_turn
DEBUG:root:Result: Action: pass_turn -> Success
DEBUG:root:Result: Selector: High Level Ordering of Strategies -> Success
DEBUG:root:Finish turn

DEBUG:root:Executing:Selector: High Level Ordering of Strategies
DEBUG:root:Executing:Sequence: Safe Enemy Attack
DEBUG:root:Executing:Check: safe_enemy_attack_exists
DEBUG:root:Result: Check: safe_enemy_attack_exists -> Failure
DEBUG:root:Result: Sequence: Safe Enemy Attack -> Failure
DEBUG:root:Executing:Sequence: Profitable Expansion
DEBUG:root:Executing:Check: profitable_neutral_exists
DEBUG:root:Result: Check: profitable_neutral_exists -> Failure
DEBUG:root:Result: Sequence: Profitable Expansion -> Failure
DEBUG:root:Executing:Action: pass_turn
DEBUG:root:Result: Action: pass_turn -> Success
DEBUG:root:Result: Selector: High Level Ordering of Strategies -> Success
DEBUG:root:Finish turn

DEBUG:root:Executing:Selector: High Level Ordering of Strategies
DEBUG:root:Executing:Sequence: Safe Enemy Attack
DEBUG:root:Executing:Check: safe_enemy_attack_exists
DEBUG:root:Result: Check: safe_enemy_attack_exists -> Success
DEBUG:root:Executing:Action: attack_best_enemy
DEBUG:root:Order:21 18 12
DEBUG:root:Result: Action: attack_best_enemy -> Success
DEBUG:root:Result: Sequence: Safe Enemy Attack -> Success
DEBUG:root:Result: Selector: High Level Ordering of Strategies -> Success
DEBUG:root:Finish turn

DEBUG:root:Executing:Selector: High Level Ordering of Strategies
DEBUG:root:Executing:Sequence: Safe Enemy Attack
DEBUG:root:Executing:Check: safe_enemy_attack_exists
DEBUG:root:Result: Check: safe_enemy_attack_exists -> Success
DEBUG:root:Executing:Action: attack_best_enemy
DEBUG:root:Order:20 9 6
DEBUG:root:Result: Action: attack_best_enemy -> Success
DEBUG:root:Result: Sequence: Safe Enemy Attack -> Success
DEBUG:root:Result: Selector: High Level Ordering of Strategies -> Success
DEBUG:root:Finish turn

DEBUG:root:Executing:Selector: High Level Ordering of Strategies
DEBUG:root:Executing:Sequence: Safe Enemy Attack
DEBUG:root:Executing:Check: safe_enemy_attack_exists
DEBUG:root:Result: Check: safe_enemy_attack_exists -> Failure
DEBUG:root:Result: Sequence: Safe Enemy Attack -> Failure
DEBUG:root:Executing:Sequence: Profitable Expansion
DEBUG:root:Executing:Check: profitable_neutral_exists
DEBUG:root:Result: Check: profitable_neutral_exists -> Success
DEBUG:root:Executing:Action: expand_to_best_neutral
DEBUG:root:Order:1 4 82
DEBUG:root:Result: Action: expand_to_best_neutral -> Success
DEBUG:root:Result: Sequence: Profitable Expansion -> Success
DEBUG:root:Result: Selector: High Level Ordering of Strategies -> Success
DEBUG:root:Finish turn

DEBUG:root:Executing:Selector: High Level Ordering of Strategies
DEBUG:root:Executing:Sequence: Safe Enemy Attack
DEBUG:root:Executing:Check: safe_enemy_attack_exists
DEBUG:root:Result: Check: safe_enemy_attack_exists -> Success
DEBUG:root:Executing:Action: attack_best_enemy
DEBUG:root:Order:11 16 23
DEBUG:root:Result: Action: attack_best_enemy -> Success
DEBUG:root:Result: Sequence: Safe Enemy Attack -> Success
DEBUG:root:Result: Selector: High Level Ordering of Strategies -> Success
DEBUG:root:Finish turn

DEBUG:root:Executing:Selector: High Level Ordering of Strategies
DEBUG:root:Executing:Sequence: Safe Enemy Attack
DEBUG:root:Executing:Check: safe_enemy_attack_exists
DEBUG:root:Result: Check: safe_enemy_attack_exists -> Failure
DEBUG:root:Result: Sequence: Safe Enemy Attack -> Failure
DEBUG:root:Executing:Sequence: Profitable Expansion
DEBUG:root:Executing:Check: profitable_neutral_exists
DEBUG:root:Result: Check: profitable_neutral_exists -> Failure
DEBUG:root:Result: Sequence: Profitable Expansion -> Failure
DEBUG:root:Executing:Action: pass_turn
DEBUG:root:Result: Action: pass_turn -> Success
DEBUG:root:Result: Selector: High Level Ordering of Strategies -> Success
DEBUG:root:Finish turn

DEBUG:root:Executing:Selector: High Level Ordering of Strategies
DEBUG:root:Executing:Sequence: Safe Enemy Attack
DEBUG:root:Executing:Check: safe_enemy_attack_exists
DEBUG:root:Result: Check: safe_enemy_attack_exists -> Failure
DEBUG:root:Result: Sequence: Safe Enemy Attack -> Failure
DEBUG:root:Executing:Sequence: Profitable Expansion
DEBUG:root:Executing:Check: profitable_neutral_exists
DEBUG:root:Result: Check: profitable_neutral_exists -> Failure
DEBUG:root:Result: Sequence: Profitable Expansion -> Failure
DEBUG:root:Executing:Action: pass_turn
DEBUG:root:Result: Action: pass_turn -> Success
DEBUG:root:Result: Selector: High Level Ordering of Strategies -> Success
DEBUG:root:Finish turn

DEBUG:root:Executing:Selector: High Level Ordering of Strategies
DEBUG:root:Executing:Sequence: Safe Enemy Attack
DEBUG:root:Executing:Check: safe_enemy_attack_exists
DEBUG:root:Result: Check: safe_enemy_attack_exists -> Failure
DEBUG:root:Result: Sequence: Safe Enemy Attack -> Failure
DEBUG:root:Executing:Sequence: Profitable Expansion
DEBUG:root:Executing:Check: profitable_neutral_exists
DEBUG:root:Result: Check: profitable_neutral_exists -> Failure
DEBUG:root:Result: Sequence: Profitable Expansion -> Failure
DEBUG:root:Executing:Action: pass_turn
DEBUG:root:Result: Action: pass_turn -> Success
DEBUG:root:Result: Selector: High Level Ordering of Strategies -> Success
DEBUG:root:Finish turn

DEBUG:root:Executing:Selector: High Level Ordering of Strategies
DEBUG:root:Executing:Sequence: Safe Enemy Attack
DEBUG:root:Executing:Check: safe_enemy_attack_exists
DEBUG:root:Result: Check: safe_enemy_attack_exists -> Failure
DEBUG:root:Result: Sequence: Safe Enemy Attack -> Failure
DEBUG:root:Executing:Sequence: Profitable Expansion
DEBUG:root:Executing:Check: profitable_neutral_exists
DEBUG:root:Result: Check: profitable_neutral_exists -> Success
DEBUG:root:Executing:Action: expand_to_best_neutral
DEBUG:root:Order:11 3 82
DEBUG:root:Result: Action: expand_to_best_neutral -> Success
DEBUG:root:Result: Sequence: Profitable Expansion -> Success
DEBUG:root:Result: Selector: High Level Ordering of Strategies -> Success
DEBUG:root:Finish turn

DEBUG:root:Executing:Selector: High Level Ordering of Strategies
DEBUG:root:Executing:Sequence: Safe Enemy Attack
DEBUG:root:Executing:Check: safe_enemy_attack_exists
DEBUG:root:Result: Check: safe_enemy_attack_exists -> Success
DEBUG:root:Executing:Action: attack_best_enemy
DEBUG:root:Order:21 13 10
DEBUG:root:Result: Action: attack_best_enemy -> Success
DEBUG:root:Result: Sequence: Safe Enemy Attack -> Success
DEBUG:root:Result: Selector: High Level Ordering of Strategies -> Success
DEBUG:root:Finish turn

DEBUG:root:Executing:Selector: High Level Ordering of Strategies
DEBUG:root:Executing:Sequence: Safe Enemy Attack
DEBUG:root:Executing:Check: safe_enemy_attack_exists
DEBUG:root:Result: Check: safe_enemy_attack_exists -> Failure
DEBUG:root:Result: Sequence: Safe Enemy Attack -> Failure
DEBUG:root:Executing:Sequence: Profitable Expansion
DEBUG:root:Executing:Check: profitable_neutral_exists
DEBUG:root:Result: Check: profitable_neutral_exists -> Success
DEBUG:root:Executing:Action: expand_to_best_neutral
DEBUG:root:Order:12 7 84
DEBUG:root:Result: Action: expand_to_best_neutral -> Success
DEBUG:root:Result: Sequence: Profitable Expansion -> Success
DEBUG:root:Result: Selector: High Level Ordering of Strategies -> Success
DEBUG:root:Finish turn

DEBUG:root:Executing:Selector: High Level Ordering of Strategies
DEBUG:root:Executing:Sequence: Safe Enemy Attack
DEBUG:root:Executing:Check: safe_enemy_attack_exists
DEBUG:root:Result: Check: safe_enemy_attack_exists -> Failure
DEBUG:root:Result: Sequence: Safe Enemy Attack -> Failure
DEBUG:root:Executing:Sequence: Profitable Expansion
DEBUG:root:Executing:Check: profitable_neutral_exists
DEBUG:root:Result: Check: profitable_neutral_exists -> Success
DEBUG:root:Executing:Action: expand_to_best_neutral
DEBUG:root:Order:0 8 84
DEBUG:root:Result: Action: expand_to_best_neutral -> Success
DEBUG:root:Result: Sequence: Profitable Expansion -> Success
DEBUG:root:Result: Selector: High Level Ordering of Strategies -> Success
DEBUG:root:Finish turn

DEBUG:root:Executing:Selector: High Level Ordering of Strategies
DEBUG:root:Executing:Sequence: Safe Enemy Attack
DEBUG:root:Executing:Check: safe_enemy_attack_exists
DEBUG:root:Result: Check: safe_enemy_attack_exists -> Failure
DEBUG:root:Result: Sequence: Safe Enemy Attack -> Failure
DEBUG:root:Executing:Sequence: Profitable Expansion
DEBUG:root:Executing:Check: profitable_neutral_exists
DEBUG:root:Result: Check: profitable_neutral_exists -> Failure
DEBUG:root:Result: Sequence: Profitable Expansion -> Failure
DEBUG:root:Executing:Action: pass_turn
DEBUG:root:Result: Action: pass_turn -> Success
DEBUG:root:Result: Selector: High Level Ordering of Strategies -> Success
DEBUG:root:Finish turn

DEBUG:root:Executing:Selector: High Level Ordering of Strategies
DEBUG:root:Executing:Sequence: Safe Enemy Attack
DEBUG:root:Executing:Check: safe_enemy_attack_exists
DEBUG:root:Result: Check: safe_enemy_attack_exists -> Failure
DEBUG:root:Result: Sequence: Safe Enemy Attack -> Failure
DEBUG:root:Executing:Sequence: Profitable Expansion
DEBUG:root:Executing:Check: profitable_neutral_exists
DEBUG:root:Result: Check: profitable_neutral_exists -> Failure
DEBUG:root:Result: Sequence: Profitable Expansion -> Failure
DEBUG:root:Executing:Action: pass_turn
DEBUG:root:Result: Action: pass_turn -> Success
DEBUG:root:Result: Selector: High Level Ordering of Strategies -> Success
DEBUG:root:Finish turn

DEBUG:root:Executing:Selector: High Level Ordering of Strategies
DEBUG:root:Executing:Sequence: Safe Enemy Attack
DEBUG:root:Executing:Check: safe_enemy_attack_exists
DEBUG:root:Result: Check: safe_enemy_attack_exists -> Failure
DEBUG:root:Result: Sequence: Safe Enemy Attack -> Failure
DEBUG:root:Executing:Sequence: Profitable Expansion
DEBUG:root:Executing:Check: profitable_neutral_exists
DEBUG:root:Result: Check: profitable_neutral_exists -> Failure
DEBUG:root:Result: Sequence: Profitable Expansion -> Failure
DEBUG:root:Executing:Action: pass_turn
DEBUG:root:Result: Action: pass_turn -> Success
DEBUG:root:Result: Selector: High Level Ordering of Strategies -> Success
DEBUG:root:Finish turn

DEBUG:root:Executing:Selector: High Level Ordering of Strategies
DEBUG:root:Executing:Sequence: Safe Enemy Attack
DEBUG:root:Executing:Check: safe_enemy_attack_exists
DEBUG:root:Result: Check: safe_enemy_attack_exists -> Failure
DEBUG:root:Result: Sequence: Safe Enemy Attack -> Failure
DEBUG:root:Executing:Sequence: Profitable Expansion
DEBUG:root:Executing:Check: profitable_neutral_exists
DEBUG:root:Result: Check: profitable_neutral_exists -> Failure
DEBUG:root:Result: Sequence: Profitable Expansion -> Failure
DEBUG:root:Executing:Action: pass_turn
DEBUG:root:Result: Action: pass_turn -> Success
DEBUG:root:Result: Selector: High Level Ordering of Strategies -> Success
DEBUG:root:Finish turn

DEBUG:root:Executing:Selector: High Level Ordering of Strategies
DEBUG:root:Executing:Sequence: Safe Enemy Attack
DEBUG:root:Executing:Check: safe_enemy_attack_exists
DEBUG:root:Result: Check: safe_enemy_attack_exists -> Failure
DEBUG:root:Result: Sequence: Safe Enemy Attack -> Failure
DEBUG:root:Executing:Sequence: Profitable Expansion
DEBUG:root:Executing:Check: profitable_neutral_exists
DEBUG:root:Result: Check: profitable_neutral_exists -> Failure
DEBUG:root:Result: Sequence: Profitable Expansion -> Failure
DEBUG:root:Executing:Action: pass_turn
DEBUG:root:Result: Action: pass_turn -> Success
DEBUG:root:Result: Selector: High Level Ordering of Strategies -> Success
DEBUG:root:Finish turn

DEBUG:root:Executing:Selector: High Level Ordering of Strategies
DEBUG:root:Executing:Sequence: Safe Enemy Attack
DEBUG:root:Executing:Check: safe_enemy_attack_exists
DEBUG:root:Result: Check: safe_enemy_attack_exists -> Success
DEBUG:root:Executing:Action: attack_best_enemy
DEBUG:root:Order:16 5 9
DEBUG:root:Result: Action: attack_best_enemy -> Success
DEBUG:root:Result: Sequence: Safe Enemy Attack -> Success
DEBUG:root:Result: Selector: High Level Ordering of Strategies -> Success
DEBUG:root:Finish turn

DEBUG:root:Executing:Selector: High Level Ordering of Strategies
DEBUG:root:Executing:Sequence: Safe Enemy Attack
DEBUG:root:Executing:Check: safe_enemy_attack_exists
DEBUG:root:Result: Check: safe_enemy_attack_exists -> Failure
DEBUG:root:Result: Sequence: Safe Enemy Attack -> Failure
DEBUG:root:Executing:Sequence: Profitable Expansion
DEBUG:root:Executing:Check: profitable_neutral_exists
DEBUG:root:Result: Check: profitable_neutral_exists -> Success
DEBUG:root:Executing:Action: expand_to_best_neutral
DEBUG:root:Order:1 10 85
DEBUG:root:Result: Action: expand_to_best_neutral -> Success
DEBUG:root:Result: Sequence: Profitable Expansion -> Success
DEBUG:root:Result: Selector: High Level Ordering of Strategies -> Success
DEBUG:root:Finish turn

DEBUG:root:Executing:Selector: High Level Ordering of Strategies
DEBUG:root:Executing:Sequence: Safe Enemy Attack
DEBUG:root:Executing:Check: safe_enemy_attack_exists
DEBUG:root:Result: Check: safe_enemy_attack_exists -> Failure
DEBUG:root:Result: Sequence: Safe Enemy Attack -> Failure
DEBUG:root:Executing:Sequence: Profitable Expansion
DEBUG:root:Executing:Check: profitable_neutral_exists
DEBUG:root:Result: Check: profitable_neutral_exists -> Failure
DEBUG:root:Result: Sequence: Profitable Expansion -> Failure
DEBUG:root:Executing:Action: pass_turn
DEBUG:root:Result: Action: pass_turn -> Success
DEBUG:root:Result: Selector: High Level Ordering of Strategies -> Success
DEBUG:root:Finish turn

DEBUG:root:Executing:Selector: High Level Ordering of Strategies
DEBUG:root:Executing:Sequence: Safe Enemy Attack
DEBUG:root:Executing:Check: safe_enemy_attack_exists
DEBUG:root:Result: Check: safe_enemy_attack_exists -> Failure
DEBUG:root:Result: Sequence: Safe Enemy Attack -> Failure
DEBUG:root:Executing:Sequence: Profitable Expansion
DEBUG:root:Executing:Check: profitable_neutral_exists
DEBUG:root:Result: Check: profitable_neutral_exists -> Failure
DEBUG:root:Result: Sequence: Profitable Expansion -> Failure
DEBUG:root:Executing:Action: pass_turn
DEBUG:root:Result: Action: pass_turn -> Success
DEBUG:root:Result: Selector: High Level Ordering of Strategies -> Success
DEBUG:root:Finish turn

DEBUG:root:Executing:Selector: High Level Ordering of Strategies
DEBUG:root:Executing:Sequence: Safe Enemy Attack
DEBUG:root:Executing:Check: safe_enemy_attack_exists
DEBUG:root:Result: Check: safe_enemy_attack_exists -> Failure
DEBUG:root:Result: Sequence: Safe Enemy Attack -> Failure
DEBUG:root:Executing:Sequence: Profitable Expansion
DEBUG:root:Executing:Check: profitable_neutral_exists
DEBUG:root:Result: Check: profitable_neutral_exists -> Failure
DEBUG:root:Result: Sequence: Profitable Expansion -> Failure
DEBUG:root:Executing:Action: pass_turn
DEBUG:root:Result: Action: pass_turn -> Success
DEBUG:root:Result: Selector: High Level Ordering of Strategies -> Success
DEBUG:root:Finish turn

DEBUG:root:Executing:Selector: High Level Ordering of Strategies
DEBUG:root:Executing:Sequence: Safe Enemy Attack
DEBUG:root:Executing:Check: safe_enemy_attack_exists
DEBUG:root:Result: Check: safe_enemy_attack_exists -> Failure
DEBUG:root:Result: Sequence: Safe Enemy Attack -> Failure
DEBUG:root:Executing:Sequence: Profitable Expansion
DEBUG:root:Executing:Check: profitable_neutral_exists
DEBUG:root:Result: Check: profitable_neutral_exists -> Failure
DEBUG:root:Result: Sequence: Profitable Expansion -> Failure
DEBUG:root:Executing:Action: pass_turn
DEBUG:root:Result: Action: pass_turn -> Success
DEBUG:root:Result: Selector: High Level Ordering of Strategies -> Success
DEBUG:root:Finish turn

DEBUG:root:Executing:Selector: High Level Ordering of Strategies
DEBUG:root:Executing:Sequence: Safe Enemy Attack
DEBUG:root:Executing:Check: safe_enemy_attack_exists
DEBUG:root:Result: Check: safe_enemy_attack_exists -> Failure
DEBUG:root:Result: Sequence: Safe Enemy Attack -> Failure
DEBUG:root:Executing:Sequence: Profitable Expansion
DEBUG:root:Executing:Check: profitable_neutral_exists
DEBUG:root:Result: Check: profitable_neutral_exists -> Failure
DEBUG:root:Result: Sequence: Profitable Expansion -> Failure
DEBUG:root:Executing:Action: pass_turn
DEBUG:root:Result: Action: pass_turn -> Success
DEBUG:root:Result: Selector: High Level Ordering of Strategies -> Success
DEBUG:root:Finish turn

