DEBUG:root:Order:2 3 10.0
DEBUG:root:Finish turn

DEBUG:root:Order:2 4 10.0
DEBUG:root:Finish turn

DEBUG:root:Order:2 19 15.0
DEBUG:root:Finish turn

DEBUG:root:Order:2 20 15.0
DEBUG:root:Order:2 4 32
DEBUG:root:Finish turn

DEBUG:root:Order:2 15 20.0
DEBUG:root:Bad order:4 3.0 8
DEBUG:root:Finish turn

DEBUG:root:Order:2 16 20.0
DEBUG:root:Order:4 0 26.0
DEBUG:root:Order:4 2 4
DEBUG:root:Finish turn

DEBUG:root:Order:2 4 1
DEBUG:root:Finish turn

DEBUG:root:Order:2 19 11
DEBUG:root:Order:4 19 7
DEBUG:root:Finish turn

DEBUG:root:Order:2 19 2
DEBUG:root:Order:2 4 2
DEBUG:root:Finish turn

DEBUG:root:Order:2 19 1
DEBUG:root:Order:4 19 1
DEBUG:root:Finish turn

DEBUG:root:Order:2 19 1
DEBUG:root:Order:2 4 2
DEBUG:root:Finish turn

DEBUG:root:Order:2 15 10
DEBUG:root:Order:4 15 9
DEBUG:root:Bad order:19 5.0 6
DEBUG:root:Finish turn

DEBUG:root:Order:19 15 4
DEBUG:root:Order:2 15 2
DEBUG:root:Order:2 4 2
DEBUG:root:Finish turn

DEBUG:root:Finish turn

DEBUG:root:Order:2 19 3
DEBUG:root:Finish turn

DEBUG:root:Order:2 19 1
DEBUG:root:Order:2 4 2
DEBUG:root:Finish turn

DEBUG:root:Order:2 19 1
DEBUG:root:Finish turn

DEBUG:root:Order:2 19 2
DEBUG:root:Finish turn

DEBUG:root:Order:2 0 13
DEBUG:root:Order:15 0 11
DEBUG:root:Order:4 0 9
DEBUG:root:Order:19 0 7
DEBUG:root:Finish turn

DEBUG:root:Order:2 0 2
DEBUG:root:Order:2 19 1
DEBUG:root:Order:2 4 2
DEBUG:root:Finish turn

DEBUG:root:Order:15 9 40.0
DEBUG:root:Order:4 15 9
DEBUG:root:Order:2 15 8
DEBUG:root:Bad order:0 3.0 6
DEBUG:root:Order:19 15 6
DEBUG:root:Finish turn

DEBUG:root:Bad order:0 4.0 5
DEBUG:root:Order:2 15 3
DEBUG:root:Finish turn

DEBUG:root:Order:0 15 3
DEBUG:root:Order:0 19 2
DEBUG:root:Bad order:0 0.0 3
DEBUG:root:Order:2 4 2
DEBUG:root:Finish turn

DEBUG:root:Order:2 0 2
DEBUG:root:Order:2 19 1
DEBUG:root:Finish turn

DEBUG:root:Order:2 0 2
DEBUG:root:Order:2 19 2
DEBUG:root:Finish turn

DEBUG:root:Order:2 0 1
DEBUG:root:Order:2 19 1
DEBUG:root:Finish turn

DEBUG:root:Order:2 0 2
DEBUG:root:Order:2 19 2
DEBUG:root:Finish turn

DEBUG:root:Order:15 19 1
DEBUG:root:Order:15 4 2
DEBUG:root:Finish turn

DEBUG:root:Order:15 5 46.0
DEBUG:root:Order:2 15 14
DEBUG:root:Order:4 15 12
DEBUG:root:Order:19 15 9
DEBUG:root:Finish turn

DEBUG:root:Order:2 16 6
DEBUG:root:Order:15 16 4
DEBUG:root:Order:4 16 3
DEBUG:root:Order:19 16 2
DEBUG:root:Finish turn

DEBUG:root:Order:2 16 7
DEBUG:root:Order:15 16 5
DEBUG:root:Order:4 16 4
DEBUG:root:Order:19 16 3
DEBUG:root:Finish turn

DEBUG:root:Order:0 16 2
DEBUG:root:Bad order:0 0.0 1
DEBUG:root:Bad order:0 0.0 3
DEBUG:root:Order:2 4 2
DEBUG:root:Finish turn

DEBUG:root:Order:2 0 10
DEBUG:root:Order:4 0 8
DEBUG:root:Order:16 0 7
DEBUG:root:Order:19 0 4
DEBUG:root:Finish turn

DEBUG:root:Order:2 0 3
DEBUG:root:Order:2 19 1
DEBUG:root:Finish turn

DEBUG:root:Order:2 0 1
DEBUG:root:Order:2 19 1
DEBUG:root:Order:2 4 1
DEBUG:root:Order:16 4 1
DEBUG:root:Finish turn

DEBUG:root:Order:2 9 17
DEBUG:root:Order:4 9 17
DEBUG:root:Order:16 9 11
DEBUG:root:Bad order:16 1.0 17
DEBUG:root:Order:0 19 14
DEBUG:root:Bad order:15 3.0 8
DEBUG:root:Finish turn

DEBUG:root:Order:15 19 10
DEBUG:root:Order:2 19 4
DEBUG:root:Order:4 19 1
DEBUG:root:Finish turn

DEBUG:root:Order:2 0 1
DEBUG:root:Order:2 19 1
DEBUG:root:Order:2 4 2
DEBUG:root:Finish turn

DEBUG:root:Order:2 0 1
DEBUG:root:Order:2 19 1
DEBUG:root:Order:2 9 1
DEBUG:root:Order:4 9 1
DEBUG:root:Order:15 9 1
DEBUG:root:Finish turn

DEBUG:root:Bad order:9 9.0 10
DEBUG:root:Order:2 5 9
DEBUG:root:Order:15 5 9
DEBUG:root:Order:4 5 8
DEBUG:root:Order:0 5 6
DEBUG:root:Order:19 5 6
DEBUG:root:Finish turn

DEBUG:root:Order:9 5 9
DEBUG:root:Order:2 5 2
DEBUG:root:Order:2 0 1
DEBUG:root:Order:2 19 1
DEBUG:root:Order:2 4 2
DEBUG:root:Finish turn

DEBUG:root:Order:5 0 1
DEBUG:root:Order:5 19 1
DEBUG:root:Order:5 2 2
DEBUG:root:Order:4 2 1
DEBUG:root:Order:15 2 1
DEBUG:root:Finish turn

DEBUG:root:Order:2 0 2
DEBUG:root:Order:2 19 2
DEBUG:root:Order:2 4 5
DEBUG:root:Finish turn

DEBUG:root:Order:4 0 2
DEBUG:root:Order:4 19 2
DEBUG:root:Order:4 2 1
DEBUG:root:Order:4 9 1
DEBUG:root:Finish turn

DEBUG:root:Order:5 4 3
DEBUG:root:Order:5 19 2
DEBUG:root:Order:5 9 1
DEBUG:root:Finish turn

DEBUG:root:Order:19 11 54.0
DEBUG:root:Order:2 19 14
DEBUG:root:Order:5 19 11
DEBUG:root:Order:15 19 11
DEBUG:root:Order:4 19 9
DEBUG:root:Finish turn

DEBUG:root:Order:9 19 3
DEBUG:root:Order:9 4 1
DEBUG:root:Bad order:9 0.0 3
DEBUG:root:Order:2 0 1
DEBUG:root:Order:5 0 1
DEBUG:root:Finish turn

DEBUG:root:Order:2 11 15
DEBUG:root:Order:5 11 15
DEBUG:root:Order:15 11 12
DEBUG:root:Order:4 11 11
DEBUG:root:Bad order:9 3.0 6
DEBUG:root:Bad order:9 3.0 11
DEBUG:root:Bad order:19 7.0 10
DEBUG:root:Finish turn

DEBUG:root:Bad order:9 5.0 10
DEBUG:root:Order:19 0 8
DEBUG:root:Order:2 0 2
DEBUG:root:Order:5 0 2
DEBUG:root:Finish turn

DEBUG:root:Order:9 0 7
DEBUG:root:Bad order:9 1.0 4
DEBUG:root:Order:9 4 1
DEBUG:root:Bad order:9 0.0 1
DEBUG:root:Finish turn

DEBUG:root:Order:2 11 3
DEBUG:root:Order:2 19 3
DEBUG:root:Order:2 0 2
DEBUG:root:Order:2 4 1
DEBUG:root:Finish turn

DEBUG:root:Order:5 0 2
DEBUG:root:Order:5 2 2
DEBUG:root:Order:5 19 2
DEBUG:root:Order:5 4 1
DEBUG:root:Order:5 9 6
DEBUG:root:Finish turn

DEBUG:root:Order:9 5 4
DEBUG:root:Order:9 0 2
DEBUG:root:Order:9 19 2
DEBUG:root:Bad order:9 0.0 1
DEBUG:root:Finish turn

DEBUG:root:Order:11 13 62.0
DEBUG:root:Order:2 11 11
DEBUG:root:Order:5 11 9
DEBUG:root:Order:15 11 8
DEBUG:root:Order:0 11 5
DEBUG:root:Order:4 11 5
DEBUG:root:Order:19 11 5
DEBUG:root:Order:9 11 3
DEBUG:root:Finish turn

DEBUG:root:Order:2 11 2
DEBUG:root:Order:5 11 2
DEBUG:root:Order:5 0 1
DEBUG:root:Order:5 19 1
DEBUG:root:Order:5 4 2
DEBUG:root:Finish turn

DEBUG:root:Order:2 0 2
DEBUG:root:Order:2 19 2
DEBUG:root:Order:2 5 1
DEBUG:root:Order:2 9 1
DEBUG:root:Finish turn

DEBUG:root:Order:5 0 1
DEBUG:root:Order:5 19 1
DEBUG:root:Order:5 2 2
DEBUG:root:Order:11 2 2
DEBUG:root:Order:15 2 1
DEBUG:root:Finish turn

DEBUG:root:Order:2 19 3
DEBUG:root:Order:2 9 2
DEBUG:root:Order:2 4 1
DEBUG:root:Order:2 5 5
DEBUG:root:Finish turn

DEBUG:root:Order:11 14 62.0
DEBUG:root:Order:5 11 21
DEBUG:root:Order:15 11 14
DEBUG:root:Order:4 11 11
DEBUG:root:Order:4 19 13
DEBUG:root:Order:9 19 13
DEBUG:root:Order:2 19 7
DEBUG:root:Finish turn

DEBUG:root:Order:2 0 10
DEBUG:root:Order:5 0 6
DEBUG:root:Order:11 0 5
DEBUG:root:Order:15 0 4
DEBUG:root:Order:9 0 3
DEBUG:root:Order:9 4 3
DEBUG:root:Order:19 4 2
DEBUG:root:Finish turn

DEBUG:root:Order:2 4 3
DEBUG:root:Order:2 9 3
DEBUG:root:Order:2 0 2
DEBUG:root:Order:2 19 1
DEBUG:root:Finish turn

DEBUG:root:Order:5 2 3
DEBUG:root:Order:5 0 1
DEBUG:root:Order:5 19 1
DEBUG:root:Order:5 4 5
DEBUG:root:Order:11 4 3
DEBUG:root:Order:15 4 1
DEBUG:root:Finish turn

DEBUG:root:Order:4 0 2
DEBUG:root:Order:4 5 2
DEBUG:root:Order:4 19 2
DEBUG:root:Order:4 9 1
DEBUG:root:Finish turn

DEBUG:root:Order:2 0 2
DEBUG:root:Order:2 19 2
DEBUG:root:Order:2 9 1
DEBUG:root:Order:2 4 3
DEBUG:root:Order:11 4 2
DEBUG:root:Order:5 4 1
DEBUG:root:Finish turn

DEBUG:root:Order:4 0 2
DEBUG:root:Order:4 2 2
DEBUG:root:Order:4 19 2
DEBUG:root:Order:4 9 1
DEBUG:root:Finish turn

DEBUG:root:Order:5 4 3
DEBUG:root:Order:5 0 2
DEBUG:root:Order:5 19 2
DEBUG:root:Order:5 9 1
DEBUG:root:Finish turn

DEBUG:root:Order:2 0 2
DEBUG:root:Order:2 19 2
DEBUG:root:Order:2 4 1
DEBUG:root:Order:2 5 1
DEBUG:root:Order:2 9 1
DEBUG:root:Finish turn

DEBUG:root:Order:11 0 2
DEBUG:root:Order:11 19 2
DEBUG:root:Order:11 2 1
DEBUG:root:Order:11 4 1
DEBUG:root:Order:11 9 1
DEBUG:root:Finish turn

DEBUG:root:Order:5 0 2
DEBUG:root:Order:5 19 2
DEBUG:root:Order:5 4 1
DEBUG:root:Order:5 9 1
DEBUG:root:Order:5 11 1
DEBUG:root:Finish turn

DEBUG:root:Order:19 8 64.0
DEBUG:root:Order:2 14 23
DEBUG:root:Order:11 14 20
DEBUG:root:Order:15 14 20
DEBUG:root:Order:4 14 18
DEBUG:root:Order:5 14 4
DEBUG:root:Order:5 19 18
DEBUG:root:Order:9 19 18
DEBUG:root:Order:0 19 10
DEBUG:root:Order:0 13 7
DEBUG:root:Finish turn

DEBUG:root:Order:2 13 8
DEBUG:root:Order:11 13 7
DEBUG:root:Bad order:14 5.0 6
DEBUG:root:Order:15 13 6
DEBUG:root:Order:4 13 5
DEBUG:root:Order:9 13 5
DEBUG:root:Order:0 13 4
DEBUG:root:Order:5 13 4
DEBUG:root:Order:19 13 3
DEBUG:root:Finish turn

DEBUG:root:Order:14 13 7
DEBUG:root:Order:2 13 2
DEBUG:root:Order:5 13 2
DEBUG:root:Order:11 13 1
DEBUG:root:Order:11 19 1
DEBUG:root:Order:11 4 1
DEBUG:root:Finish turn

DEBUG:root:Order:2 19 2
DEBUG:root:Order:2 9 1
DEBUG:root:Order:2 4 2
DEBUG:root:Order:5 4 2
DEBUG:root:Finish turn

DEBUG:root:Order:4 9 7
DEBUG:root:Order:5 9 7
DEBUG:root:Order:13 9 6
DEBUG:root:Order:11 9 5
DEBUG:root:Order:15 9 5
DEBUG:root:Order:2 9 4
DEBUG:root:Order:19 9 2
DEBUG:root:Finish turn

DEBUG:root:Order:2 0 2
DEBUG:root:Order:5 0 2
DEBUG:root:Order:11 0 1
DEBUG:root:Order:13 0 1
DEBUG:root:Finish turn

DEBUG:root:Order:2 0 6
DEBUG:root:Order:5 0 6
DEBUG:root:Order:11 0 5
DEBUG:root:Order:13 0 5
DEBUG:root:Order:15 0 4
DEBUG:root:Order:4 0 2
DEBUG:root:Order:9 0 2
DEBUG:root:Finish turn

DEBUG:root:Order:2 8 12
DEBUG:root:Order:5 8 12
DEBUG:root:Order:11 8 11
DEBUG:root:Order:13 8 11
DEBUG:root:Order:15 8 10
DEBUG:root:Order:4 8 9
DEBUG:root:Order:9 8 9
DEBUG:root:Order:0 8 6
DEBUG:root:Finish turn

DEBUG:root:Order:2 8 2
DEBUG:root:Order:5 8 2
DEBUG:root:Order:11 8 1
DEBUG:root:Order:11 0 1
DEBUG:root:Order:11 4 1
DEBUG:root:Order:13 4 1
DEBUG:root:Finish turn

DEBUG:root:Order:2 4 10
DEBUG:root:Order:5 4 10
DEBUG:root:Order:13 4 9
DEBUG:root:Order:15 4 8
DEBUG:root:Order:11 4 7
DEBUG:root:Order:0 4 5
DEBUG:root:Bad order:8 3.0 5
DEBUG:root:Finish turn

DEBUG:root:Order:19 4 4
DEBUG:root:Order:8 4 3
DEBUG:root:Order:2 4 2
DEBUG:root:Order:5 4 2
DEBUG:root:Order:5 0 1
DEBUG:root:Finish turn

DEBUG:root:Order:14 19 15
DEBUG:root:Order:2 19 6
DEBUG:root:Order:11 19 6
DEBUG:root:Order:5 19 5
DEBUG:root:Order:15 19 4
DEBUG:root:Order:4 19 2
DEBUG:root:Order:0 19 1
DEBUG:root:Finish turn

DEBUG:root:Order:2 19 2
DEBUG:root:Order:5 19 2
DEBUG:root:Order:11 19 1
DEBUG:root:Order:14 19 1
DEBUG:root:Order:14 0 1
DEBUG:root:Order:14 4 1
DEBUG:root:Finish turn

DEBUG:root:Order:2 15 7
DEBUG:root:Order:5 15 7
DEBUG:root:Order:11 15 6
DEBUG:root:Order:4 15 4
DEBUG:root:Order:14 15 4
DEBUG:root:Order:0 15 2
DEBUG:root:Order:19 15 2
DEBUG:root:Finish turn

DEBUG:root:Order:2 0 1
DEBUG:root:Order:5 0 1
DEBUG:root:Order:5 19 1
DEBUG:root:Finish turn

DEBUG:root:Order:2 9 4
DEBUG:root:Order:5 9 3
DEBUG:root:Order:11 9 3
DEBUG:root:Order:14 9 3
DEBUG:root:Order:14 19 1
DEBUG:root:Order:14 4 3
DEBUG:root:Order:15 4 1
DEBUG:root:Finish turn

DEBUG:root:Order:2 9 10
DEBUG:root:Order:4 9 10
DEBUG:root:Order:5 9 10
DEBUG:root:Order:11 9 9
DEBUG:root:Order:14 9 5
DEBUG:root:Order:19 9 5
DEBUG:root:Finish turn

DEBUG:root:Order:2 9 1
DEBUG:root:Order:5 9 1
DEBUG:root:Order:5 19 1
DEBUG:root:Finish turn

DEBUG:root:Order:4 17 69.0
DEBUG:root:Bad order:8 28.0 30
DEBUG:root:Order:2 4 8
DEBUG:root:Order:5 4 7
DEBUG:root:Order:11 4 7
DEBUG:root:Order:14 4 7
DEBUG:root:Order:9 4 4
DEBUG:root:Order:19 4 2
DEBUG:root:Finish turn

DEBUG:root:Order:8 4 28
DEBUG:root:Order:2 4 2
DEBUG:root:Order:5 4 1
DEBUG:root:Order:5 0 2
DEBUG:root:Order:11 0 1
DEBUG:root:Order:11 19 1
DEBUG:root:Order:11 9 1
DEBUG:root:Order:14 9 1
DEBUG:root:Finish turn

DEBUG:root:Order:2 0 6
DEBUG:root:Order:5 0 5
DEBUG:root:Order:14 0 5
DEBUG:root:Order:9 0 4
DEBUG:root:Order:11 0 3
DEBUG:root:Order:11 15 3
DEBUG:root:Order:4 15 2
DEBUG:root:Order:8 15 1
DEBUG:root:Finish turn

DEBUG:root:Order:2 8 7
DEBUG:root:Order:5 8 7
DEBUG:root:Order:14 8 6
DEBUG:root:Order:4 8 4
DEBUG:root:Order:9 8 4
DEBUG:root:Order:15 8 4
DEBUG:root:Order:19 8 4
DEBUG:root:Order:11 8 3
DEBUG:root:Finish turn

DEBUG:root:Order:2 8 2
DEBUG:root:Order:5 8 2
DEBUG:root:Order:11 8 1
DEBUG:root:Order:14 8 1
DEBUG:root:Finish turn

DEBUG:root:Order:2 8 2
DEBUG:root:Order:5 8 1
DEBUG:root:Order:5 19 2
DEBUG:root:Order:11 19 1
DEBUG:root:Order:11 4 1
DEBUG:root:Order:11 9 1
DEBUG:root:Finish turn

DEBUG:root:Order:2 8 2
DEBUG:root:Order:2 19 2
DEBUG:root:Order:2 4 1
DEBUG:root:Order:2 9 1
DEBUG:root:Order:2 11 2
DEBUG:root:Order:14 11 2
DEBUG:root:Order:5 11 1
DEBUG:root:Finish turn

DEBUG:root:Order:11 2 3
DEBUG:root:Order:11 8 2
DEBUG:root:Order:11 19 2
DEBUG:root:Order:11 4 1
DEBUG:root:Order:11 9 1
DEBUG:root:Finish turn

DEBUG:root:Order:5 8 2
DEBUG:root:Order:5 11 2
DEBUG:root:Order:5 19 2
DEBUG:root:Order:5 4 1
DEBUG:root:Order:5 9 1
DEBUG:root:Finish turn

DEBUG:root:Order:19 22 76.0
DEBUG:root:Order:2 19 12
DEBUG:root:Order:14 19 12
DEBUG:root:Order:11 19 9
DEBUG:root:Order:15 19 9
DEBUG:root:Order:4 19 7
DEBUG:root:Order:5 19 7
DEBUG:root:Order:9 19 7
DEBUG:root:Order:8 19 6
DEBUG:root:Finish turn

DEBUG:root:Order:2 19 2
DEBUG:root:Order:2 8 1
DEBUG:root:Order:2 4 2
DEBUG:root:Order:5 4 2
DEBUG:root:Order:11 4 1
DEBUG:root:Order:14 4 1
DEBUG:root:Finish turn

DEBUG:root:Order:4 17 6
DEBUG:root:Order:5 17 4
DEBUG:root:Order:11 17 3
DEBUG:root:Order:14 17 3
DEBUG:root:Order:15 17 2
DEBUG:root:Order:15 8 1
DEBUG:root:Finish turn

DEBUG:root:Order:2 17 6
DEBUG:root:Order:5 17 5
DEBUG:root:Order:11 17 4
DEBUG:root:Order:14 17 4
DEBUG:root:Order:4 17 2
DEBUG:root:Order:9 17 2
DEBUG:root:Order:15 17 2
DEBUG:root:Order:8 17 1
DEBUG:root:Finish turn

DEBUG:root:Order:2 4 12
DEBUG:root:Order:5 4 12
DEBUG:root:Order:11 4 11
DEBUG:root:Order:14 4 11
DEBUG:root:Order:15 4 10
DEBUG:root:Order:9 4 9
DEBUG:root:Order:17 4 9
DEBUG:root:Order:8 4 8
DEBUG:root:Finish turn

DEBUG:root:Order:2 0 4
DEBUG:root:Order:5 0 4
DEBUG:root:Order:11 0 3
DEBUG:root:Order:14 0 3
DEBUG:root:Order:15 0 2
DEBUG:root:Order:15 4 1
DEBUG:root:Finish turn

DEBUG:root:Order:2 0 3
DEBUG:root:Order:5 0 3
DEBUG:root:Order:11 0 2
DEBUG:root:Order:14 0 2
DEBUG:root:Order:9 0 1
DEBUG:root:Finish turn

DEBUG:root:Order:2 19 2
DEBUG:root:Order:5 19 2
DEBUG:root:Order:5 8 2
DEBUG:root:Order:5 4 2
DEBUG:root:Order:11 4 1
DEBUG:root:Order:14 4 1
DEBUG:root:Finish turn

DEBUG:root:Order:22 19 27
DEBUG:root:Order:2 19 4
DEBUG:root:Order:4 19 4
DEBUG:root:Order:11 19 3
DEBUG:root:Order:14 19 3
DEBUG:root:Order:15 19 2
DEBUG:root:Finish turn

DEBUG:root:Order:2 19 2
DEBUG:root:Order:5 19 2
DEBUG:root:Order:5 8 2
DEBUG:root:Order:5 4 2
DEBUG:root:Order:11 4 1
DEBUG:root:Order:14 4 1
DEBUG:root:Finish turn

DEBUG:root:Order:2 22 10
DEBUG:root:Order:4 22 10
DEBUG:root:Order:11 22 9
DEBUG:root:Order:14 22 9
DEBUG:root:Order:15 22 8
DEBUG:root:Order:5 22 6
DEBUG:root:Order:9 22 6
DEBUG:root:Order:8 22 5
DEBUG:root:Order:19 22 5
DEBUG:root:Finish turn

DEBUG:root:Order:2 9 10
DEBUG:root:Order:5 9 10
DEBUG:root:Order:11 9 9
DEBUG:root:Order:14 9 9
DEBUG:root:Order:15 9 8
DEBUG:root:Order:4 9 7
DEBUG:root:Order:8 9 6
DEBUG:root:Order:19 9 6
DEBUG:root:Order:22 9 2
DEBUG:root:Finish turn

DEBUG:root:Order:2 14 13
DEBUG:root:Order:5 14 13
DEBUG:root:Order:11 14 12
DEBUG:root:Order:15 14 11
DEBUG:root:Order:22 14 11
DEBUG:root:Order:4 14 10
DEBUG:root:Order:8 14 9
DEBUG:root:Order:19 14 9
DEBUG:root:Order:9 14 7
DEBUG:root:Finish turn

DEBUG:root:Order:2 14 2
DEBUG:root:Order:5 14 2
DEBUG:root:Order:11 14 1
DEBUG:root:Finish turn

DEBUG:root:Order:2 15 8
DEBUG:root:Order:5 15 8
DEBUG:root:Order:11 15 7
DEBUG:root:Order:22 15 6
DEBUG:root:Order:14 15 5
DEBUG:root:Order:4 15 4
DEBUG:root:Order:9 15 4
DEBUG:root:Order:8 15 2
DEBUG:root:Order:19 15 2
DEBUG:root:Finish turn

DEBUG:root:Order:2 8 6
DEBUG:root:Order:5 8 6
DEBUG:root:Order:11 8 5
DEBUG:root:Order:14 8 5
DEBUG:root:Order:22 8 4
DEBUG:root:Order:4 8 3
DEBUG:root:Order:9 8 3
DEBUG:root:Order:9 15 3
DEBUG:root:Order:19 15 1
DEBUG:root:Finish turn

DEBUG:root:Order:2 9 2
DEBUG:root:Order:5 9 1
DEBUG:root:Order:5 8 2
DEBUG:root:Order:5 4 2
DEBUG:root:Order:11 4 1
DEBUG:root:Order:14 4 1
DEBUG:root:Finish turn

DEBUG:root:Order:2 8 2
DEBUG:root:Order:2 19 2
DEBUG:root:Order:2 9 1
DEBUG:root:Order:2 5 2
DEBUG:root:Order:4 5 2
DEBUG:root:Order:11 5 1
DEBUG:root:Order:14 5 1
DEBUG:root:Finish turn

DEBUG:root:Order:5 0 8
DEBUG:root:Order:11 0 2
DEBUG:root:Order:14 0 2
DEBUG:root:Order:14 2 1
DEBUG:root:Order:14 8 1
DEBUG:root:Order:14 19 1
DEBUG:root:Order:14 9 2
DEBUG:root:Order:22 9 1
DEBUG:root:Finish turn

DEBUG:root:Order:5 0 4
DEBUG:root:Order:2 0 3
DEBUG:root:Order:9 0 3
DEBUG:root:Order:11 0 3
DEBUG:root:Order:15 0 2
DEBUG:root:Order:22 0 2
DEBUG:root:Order:4 0 1
DEBUG:root:Order:4 14 1
DEBUG:root:Order:4 8 1
DEBUG:root:Finish turn

DEBUG:root:Order:2 4 2
DEBUG:root:Order:2 19 2
DEBUG:root:Order:2 8 1
DEBUG:root:Order:2 9 2
DEBUG:root:Order:5 9 2
DEBUG:root:Order:11 9 1
DEBUG:root:Finish turn

DEBUG:root:Order:9 2 2
DEBUG:root:Order:9 8 2
DEBUG:root:Order:9 19 2
DEBUG:root:Order:9 4 1
DEBUG:root:Finish turn

DEBUG:root:Order:5 19 8
DEBUG:root:Order:11 19 6
DEBUG:root:Order:14 19 6
DEBUG:root:Order:2 19 5
DEBUG:root:Order:15 19 4
DEBUG:root:Order:22 19 4
DEBUG:root:Order:4 19 2
DEBUG:root:Order:8 19 1
DEBUG:root:Finish turn

DEBUG:root:Order:2 19 2
DEBUG:root:Order:5 19 2
DEBUG:root:Order:11 19 1
DEBUG:root:Order:14 19 1
DEBUG:root:Finish turn

DEBUG:root:Order:2 22 8
DEBUG:root:Order:5 22 8
DEBUG:root:Order:11 22 7
DEBUG:root:Order:14 22 7
DEBUG:root:Order:15 22 6
DEBUG:root:Order:4 22 4
DEBUG:root:Order:9 22 3
DEBUG:root:Order:8 22 2
DEBUG:root:Order:19 22 1
DEBUG:root:Finish turn

DEBUG:root:Order:2 22 2
DEBUG:root:Order:5 22 1
DEBUG:root:Order:5 8 1
DEBUG:root:Order:5 19 1
DEBUG:root:Order:5 4 2
DEBUG:root:Order:11 4 1
DEBUG:root:Order:14 4 1
DEBUG:root:Finish turn

DEBUG:root:Order:2 8 7
DEBUG:root:Order:4 8 7
DEBUG:root:Order:11 8 6
DEBUG:root:Order:14 8 6
DEBUG:root:Order:15 8 5
DEBUG:root:Order:5 8 4
DEBUG:root:Order:22 8 4
DEBUG:root:Order:9 8 3
DEBUG:root:Order:19 8 2
DEBUG:root:Finish turn

DEBUG:root:Order:2 15 11
DEBUG:root:Order:5 15 11
DEBUG:root:Order:11 15 10
DEBUG:root:Order:14 15 10
DEBUG:root:Order:22 15 9
DEBUG:root:Order:4 15 8
DEBUG:root:Order:9 15 8
DEBUG:root:Order:19 15 7
DEBUG:root:Order:8 15 6
DEBUG:root:Finish turn

DEBUG:root:Order:2 15 2
DEBUG:root:Order:5 15 2
DEBUG:root:Order:11 15 1
DEBUG:root:Order:11 8 1
DEBUG:root:Order:11 19 1
DEBUG:root:Order:11 4 1
DEBUG:root:Order:14 4 1
DEBUG:root:Finish turn

DEBUG:root:Order:2 9 10
DEBUG:root:Order:5 9 10
DEBUG:root:Order:14 9 9
DEBUG:root:Order:4 9 8
DEBUG:root:Order:15 9 7
DEBUG:root:Order:11 9 6
DEBUG:root:Order:8 9 5
DEBUG:root:Order:19 9 5
DEBUG:root:Finish turn

DEBUG:root:Order:2 9 2
DEBUG:root:Order:2 8 1
DEBUG:root:Order:2 19 1
DEBUG:root:Order:2 4 2
DEBUG:root:Order:5 4 2
DEBUG:root:Order:11 4 1
DEBUG:root:Order:14 4 1
DEBUG:root:Finish turn

DEBUG:root:Order:4 14 11
DEBUG:root:Order:5 14 9
DEBUG:root:Order:11 14 8
DEBUG:root:Order:15 14 7
DEBUG:root:Order:2 14 5
DEBUG:root:Order:9 14 5
DEBUG:root:Order:8 14 2
DEBUG:root:Order:8 0 4
DEBUG:root:Order:19 0 3
DEBUG:root:Finish turn

DEBUG:root:Order:2 0 4
DEBUG:root:Order:5 0 4
DEBUG:root:Order:11 0 3
DEBUG:root:Order:14 0 2
DEBUG:root:Order:15 0 2
DEBUG:root:Order:4 0 1
DEBUG:root:Order:9 0 1
DEBUG:root:Order:19 0 1
DEBUG:root:Finish turn

DEBUG:root:Order:2 19 7
DEBUG:root:Order:5 19 7
DEBUG:root:Order:11 19 6
DEBUG:root:Order:14 19 6
DEBUG:root:Order:15 19 5
DEBUG:root:Order:4 19 4
DEBUG:root:Order:9 19 4
DEBUG:root:Order:8 19 1
DEBUG:root:Finish turn

DEBUG:root:Order:2 4 11
DEBUG:root:Order:5 4 11
DEBUG:root:Order:11 4 10
DEBUG:root:Order:14 4 10
DEBUG:root:Order:15 4 9
DEBUG:root:Order:9 4 8
DEBUG:root:Order:8 4 7
DEBUG:root:Order:19 4 2
DEBUG:root:Finish turn

DEBUG:root:Order:2 11 17
DEBUG:root:Order:5 11 17
DEBUG:root:Order:14 11 16
DEBUG:root:Order:15 11 15
DEBUG:root:Order:9 11 14
DEBUG:root:Order:8 11 13
DEBUG:root:Order:19 11 13
DEBUG:root:Order:4 11 12
DEBUG:root:Finish turn

DEBUG:root:Order:2 19 2
DEBUG:root:Order:2 4 1
DEBUG:root:Order:2 9 1
DEBUG:root:Finish turn

DEBUG:root:Order:5 19 1
DEBUG:root:Order:5 22 1
DEBUG:root:Order:5 4 4
DEBUG:root:Order:11 4 1
DEBUG:root:Finish turn

DEBUG:root:Order:4 22 5
DEBUG:root:Order:2 22 4
DEBUG:root:Order:11 22 3
DEBUG:root:Order:5 22 2
DEBUG:root:Order:15 22 2
DEBUG:root:Finish turn

DEBUG:root:Order:2 22 2
DEBUG:root:Order:5 22 1
DEBUG:root:Order:5 19 2
DEBUG:root:Order:5 4 2
DEBUG:root:Order:11 4 1
DEBUG:root:Finish turn

DEBUG:root:Order:2 19 2
DEBUG:root:Order:2 9 1
DEBUG:root:Order:2 5 2
DEBUG:root:Order:4 5 1
DEBUG:root:Order:11 5 1
DEBUG:root:Finish turn

DEBUG:root:Order:5 19 2
DEBUG:root:Order:5 9 1
DEBUG:root:Order:5 2 5
DEBUG:root:Order:11 2 1
DEBUG:root:Finish turn

DEBUG:root:Order:2 19 3
DEBUG:root:Order:2 4 2
DEBUG:root:Order:2 9 2
DEBUG:root:Order:2 5 1
DEBUG:root:Finish turn

DEBUG:root:Order:5 8 6
DEBUG:root:Order:11 8 6
DEBUG:root:Order:2 8 5
DEBUG:root:Order:15 8 4
DEBUG:root:Order:4 8 2
DEBUG:root:Order:4 0 3
DEBUG:root:Order:9 0 3
DEBUG:root:Order:19 0 2
DEBUG:root:Finish turn

DEBUG:root:Order:2 0 4
DEBUG:root:Order:5 0 4
DEBUG:root:Order:11 0 3
DEBUG:root:Order:15 0 2
DEBUG:root:Order:9 0 1
DEBUG:root:Finish turn

DEBUG:root:Order:2 8 6
DEBUG:root:Order:5 8 6
DEBUG:root:Order:11 8 5
DEBUG:root:Order:15 8 4
DEBUG:root:Order:9 8 3
DEBUG:root:Order:4 8 2
DEBUG:root:Order:19 8 2
DEBUG:root:Finish turn

DEBUG:root:Order:2 15 11
DEBUG:root:Order:5 15 11
DEBUG:root:Order:11 15 10
DEBUG:root:Order:4 15 8
DEBUG:root:Order:9 15 8
DEBUG:root:Order:19 15 7
DEBUG:root:Finish turn

DEBUG:root:Order:2 9 9
DEBUG:root:Order:5 9 9
DEBUG:root:Order:11 9 8
DEBUG:root:Order:4 9 6
DEBUG:root:Order:8 9 5
DEBUG:root:Order:15 9 5
DEBUG:root:Order:19 9 5
DEBUG:root:Finish turn

DEBUG:root:Bad order:5 20.0 22
DEBUG:root:Order:11 2 21
DEBUG:root:Order:15 2 20
DEBUG:root:Order:4 2 19
DEBUG:root:Bad order:8 5.0 18
DEBUG:root:Order:9 2 18
DEBUG:root:Order:19 2 18
DEBUG:root:Finish turn

DEBUG:root:Order:5 2 24
DEBUG:root:Bad order:8 10.0 15
DEBUG:root:Order:8 19 1
DEBUG:root:Bad order:8 9.0 16
DEBUG:root:Order:11 4 1
DEBUG:root:Finish turn

DEBUG:root:Bad order:8 10.0 13
DEBUG:root:Order:8 19 2
DEBUG:root:Order:8 9 1
DEBUG:root:Bad order:8 7.0 13
DEBUG:root:Order:5 4 2
DEBUG:root:Order:11 4 1
DEBUG:root:Finish turn

DEBUG:root:Order:8 2 8
DEBUG:root:Order:5 2 2
DEBUG:root:Order:4 2 1
DEBUG:root:Order:4 19 1
DEBUG:root:Order:11 19 1
DEBUG:root:Order:11 9 1
DEBUG:root:Finish turn

DEBUG:root:Order:5 19 4
DEBUG:root:Order:2 19 3
DEBUG:root:Order:11 19 2
DEBUG:root:Order:15 19 2
DEBUG:root:Finish turn

DEBUG:root:Order:2 19 2
DEBUG:root:Order:5 19 2
DEBUG:root:Order:11 19 1
DEBUG:root:Order:11 8 1
DEBUG:root:Order:11 4 1
DEBUG:root:Finish turn

DEBUG:root:Order:2 19 2
DEBUG:root:Order:2 9 1
DEBUG:root:Order:2 4 2
DEBUG:root:Order:5 4 2
DEBUG:root:Finish turn

DEBUG:root:Order:4 19 2
DEBUG:root:Order:4 9 1
DEBUG:root:Order:4 2 2
DEBUG:root:Order:5 2 2
DEBUG:root:Finish turn

DEBUG:root:Order:2 0 6
DEBUG:root:Order:5 0 2
DEBUG:root:Order:5 4 2
DEBUG:root:Order:5 19 1
DEBUG:root:Order:5 9 3
DEBUG:root:Order:11 9 2
DEBUG:root:Order:15 9 1
DEBUG:root:Finish turn

DEBUG:root:Order:9 0 6
DEBUG:root:Order:2 0 4
DEBUG:root:Order:11 0 3
DEBUG:root:Order:11 5 3
DEBUG:root:Order:15 5 2
DEBUG:root:Finish turn

DEBUG:root:Order:5 4 11
DEBUG:root:Order:2 4 7
DEBUG:root:Order:15 4 5
DEBUG:root:Order:9 4 4
DEBUG:root:Order:11 4 3
DEBUG:root:Order:19 4 2
DEBUG:root:Finish turn

DEBUG:root:Order:2 15 11
DEBUG:root:Order:5 15 11
DEBUG:root:Order:11 15 10
DEBUG:root:Bad order:9 0.0 8
DEBUG:root:Order:19 15 7
DEBUG:root:Order:4 15 3
DEBUG:root:Finish turn

DEBUG:root:Order:2 9 8
DEBUG:root:Order:5 9 8
DEBUG:root:Order:11 9 7
DEBUG:root:Order:4 9 5
DEBUG:root:Order:19 9 1
DEBUG:root:Order:19 8 3
DEBUG:root:Order:19 15 2
DEBUG:root:Finish turn

DEBUG:root:Order:2 8 4
DEBUG:root:Order:5 8 4
DEBUG:root:Order:11 8 3
DEBUG:root:Order:4 8 1
DEBUG:root:Order:15 8 1
DEBUG:root:Order:15 19 1
DEBUG:root:Finish turn

DEBUG:root:Order:2 19 4
DEBUG:root:Order:5 19 4
DEBUG:root:Order:11 19 3
DEBUG:root:Order:4 19 1
DEBUG:root:Order:9 19 1
DEBUG:root:Order:15 19 1
DEBUG:root:Finish turn

DEBUG:root:Order:2 11 11
DEBUG:root:Order:5 11 11
DEBUG:root:Order:15 11 9
DEBUG:root:Order:4 11 8
DEBUG:root:Order:9 11 8
DEBUG:root:Order:8 11 6
DEBUG:root:Order:19 11 3
DEBUG:root:Finish turn

DEBUG:root:Order:2 5 18
DEBUG:root:Order:15 5 16
DEBUG:root:Order:4 5 15
DEBUG:root:Order:9 5 15
DEBUG:root:Bad order:8 3.0 14
DEBUG:root:Bad order:19 11.0 14
DEBUG:root:Order:11 5 12
DEBUG:root:Finish turn

DEBUG:root:Bad order:8 5.0 12
DEBUG:root:Order:19 5 12
DEBUG:root:Order:2 5 2
DEBUG:root:Order:11 5 1
DEBUG:root:Finish turn

DEBUG:root:Bad order:8 6.0 8
DEBUG:root:Order:8 4 1
DEBUG:root:Order:8 9 1
DEBUG:root:Order:8 19 1
DEBUG:root:Finish turn

DEBUG:root:Order:2 5 5
DEBUG:root:Order:11 5 1
DEBUG:root:Order:11 19 2
DEBUG:root:Order:11 9 1
DEBUG:root:Finish turn

DEBUG:root:Order:2 19 1
DEBUG:root:Order:5 19 1
DEBUG:root:Order:5 9 1
DEBUG:root:Order:5 11 1
DEBUG:root:Finish turn

DEBUG:root:Order:2 9 1
DEBUG:root:Finish turn

DEBUG:root:Order:2 0 2
DEBUG:root:Order:5 0 1
DEBUG:root:Order:5 15 1
DEBUG:root:Finish turn

DEBUG:root:Order:2 0 4
DEBUG:root:Order:11 0 4
DEBUG:root:Order:5 0 2
DEBUG:root:Order:5 9 3
DEBUG:root:Order:15 9 2
DEBUG:root:Finish turn

DEBUG:root:Order:2 9 5
DEBUG:root:Order:11 9 4
DEBUG:root:Order:5 9 3
DEBUG:root:Order:15 9 3
DEBUG:root:Finish turn

DEBUG:root:Order:2 15 9
DEBUG:root:Order:5 15 9
DEBUG:root:Order:11 15 8
DEBUG:root:Order:9 15 3
DEBUG:root:Finish turn

DEBUG:root:Order:2 15 2
DEBUG:root:Order:5 15 2
DEBUG:root:Order:5 9 1
DEBUG:root:Finish turn

DEBUG:root:Order:11 2 15
DEBUG:root:Order:5 2 14
DEBUG:root:Order:15 2 13
DEBUG:root:Bad order:9 7.0 12
DEBUG:root:Finish turn

DEBUG:root:Order:9 2 10
DEBUG:root:Bad order:9 0.0 10
DEBUG:root:Order:5 15 1
DEBUG:root:Finish turn

DEBUG:root:Order:5 11 13
DEBUG:root:Order:2 11 12
DEBUG:root:Order:15 11 11
DEBUG:root:Finish turn

DEBUG:root:Order:2 11 1
DEBUG:root:Order:2 15 1
DEBUG:root:Order:5 15 1
DEBUG:root:Finish turn

DEBUG:root:Order:5 11 1
DEBUG:root:Finish turn

DEBUG:root:Finish turn

DEBUG:root:Finish turn

DEBUG:root:Order:2 11 1
DEBUG:root:Order:5 11 1
DEBUG:root:Finish turn

DEBUG:root:Finish turn

DEBUG:root:Finish turn

DEBUG:root:Bad order:2 24.0 39
DEBUG:root:Order:11 5 36
DEBUG:root:Finish turn

DEBUG:root:Bad order:11 48.0 51
DEBUG:root:Order:5 2 12
DEBUG:root:Finish turn

DEBUG:root:Bad order:11 2.0 50
DEBUG:root:Finish turn

DEBUG:root:Bad order:11 6.0 36
DEBUG:root:Order:5 2 7
DEBUG:root:Finish turn

DEBUG:root:Bad order:11 11.0 36
DEBUG:root:Order:5 2 1
DEBUG:root:Finish turn

DEBUG:root:Bad order:11 15.0 35
DEBUG:root:Finish turn

DEBUG:root:Order:5 2 18
DEBUG:root:Finish turn

DEBUG:root:Finish turn

DEBUG:root:Finish turn

DEBUG:root:Finish turn

DEBUG:root:Finish turn

DEBUG:root:Finish turn

DEBUG:root:Finish turn

DEBUG:root:Finish turn

DEBUG:root:Finish turn

DEBUG:root:Finish turn

DEBUG:root:Finish turn

DEBUG:root:Finish turn

DEBUG:root:Finish turn

DEBUG:root:Finish turn

DEBUG:root:Finish turn

DEBUG:root:Finish turn

DEBUG:root:Finish turn

DEBUG:root:Finish turn

DEBUG:root:Finish turn

DEBUG:root:Finish turn

